<?xml version="1.0" encoding="UTF-8"?>
<coverage generated="1774719886570" clover="3.2.0">
  <project timestamp="1774719886570" name="All files">
    <metrics statements="353" coveredstatements="343" conditionals="262" coveredconditionals="233" methods="65" coveredmethods="62" elements="680" coveredelements="638" complexity="0" loc="353" ncloc="353" packages="7" files="20" classes="20"/>
    <package name="src">
      <metrics statements="73" coveredstatements="71" conditionals="14" coveredconditionals="11" methods="15" coveredmethods="14"/>
      <file name="app.js" path="C:\Users\pc\Documents\waves\Liquifact-backend\src\app.js">
        <metrics statements="68" coveredstatements="66" conditionals="10" coveredconditionals="8" methods="15" coveredmethods="14"/>
        <line num="3" count="8" type="stmt"/>
        <line num="4" count="8" type="stmt"/>
        <line num="5" count="8" type="stmt"/>
        <line num="7" count="8" type="stmt"/>
        <line num="8" count="8" type="stmt"/>
        <line num="9" count="8" type="stmt"/>
        <line num="10" count="8" type="stmt"/>
        <line num="11" count="8" type="stmt"/>
        <line num="12" count="8" type="stmt"/>
        <line num="18" count="8" type="stmt"/>
        <line num="19" count="8" type="stmt"/>
        <line num="20" count="8" type="stmt"/>
        <line num="21" count="8" type="stmt"/>
        <line num="23" count="8" type="stmt"/>
        <line num="24" count="8" type="stmt"/>
        <line num="25" count="8" type="stmt"/>
        <line num="26" count="8" type="stmt"/>
        <line num="29" count="19" type="stmt"/>
        <line num="30" count="19" type="stmt"/>
        <line num="33" count="19" type="stmt"/>
        <line num="34" count="19" type="stmt"/>
        <line num="35" count="19" type="stmt"/>
        <line num="36" count="19" type="stmt"/>
        <line num="37" count="19" type="stmt"/>
        <line num="42" count="19" type="stmt"/>
        <line num="43" count="10" type="stmt"/>
        <line num="50" count="19" type="stmt"/>
        <line num="51" count="3" type="stmt"/>
        <line num="65" count="19" type="stmt"/>
        <line num="66" count="12" type="stmt"/>
        <line num="67" count="12" type="cond" truecount="2" falsecount="0"/>
        <line num="68" count="3" type="stmt"/>
        <line num="77" count="9" type="stmt"/>
        <line num="78" count="8" type="stmt"/>
        <line num="79" count="8" type="cond" truecount="1" falsecount="1"/>
        <line num="81" count="8" type="stmt"/>
        <line num="84" count="19" type="stmt"/>
        <line num="91" count="17" type="stmt"/>
        <line num="92" count="17" type="stmt"/>
        <line num="101" count="17" type="stmt"/>
        <line num="102" count="17" type="stmt"/>
        <line num="106" count="19" type="stmt"/>
        <line num="107" count="1" type="stmt"/>
        <line num="108" count="1" type="stmt"/>
        <line num="109" count="1" type="cond" truecount="1" falsecount="1"/>
        <line num="110" count="0" type="stmt"/>
        <line num="117" count="1" type="stmt"/>
        <line num="118" count="1" type="stmt"/>
        <line num="124" count="19" type="stmt"/>
        <line num="125" count="2" type="stmt"/>
        <line num="126" count="2" type="stmt"/>
        <line num="127" count="2" type="stmt"/>
        <line num="133" count="19" type="stmt"/>
        <line num="134" count="3" type="stmt"/>
        <line num="137" count="19" type="stmt"/>
        <line num="138" count="0" type="stmt"/>
        <line num="142" count="19" type="stmt"/>
        <line num="143" count="4" type="stmt"/>
        <line num="151" count="19" type="stmt"/>
        <line num="152" count="18" type="cond" truecount="2" falsecount="0"/>
        <line num="153" count="17" type="stmt"/>
        <line num="156" count="19" type="stmt"/>
        <line num="157" count="19" type="stmt"/>
        <line num="160" count="19" type="stmt"/>
        <line num="162" count="19" type="stmt"/>
        <line num="165" count="8" type="stmt"/>
        <line num="166" count="8" type="stmt"/>
        <line num="167" count="8" type="stmt"/>
      </file>
      <file name="index.js" path="C:\Users\pc\Documents\waves\Liquifact-backend\src\index.js">
        <metrics statements="5" coveredstatements="5" conditionals="4" coveredconditionals="3" methods="0" coveredmethods="0"/>
        <line num="7" count="4" type="stmt"/>
        <line num="8" count="4" type="stmt"/>
        <line num="10" count="4" type="cond" truecount="2" falsecount="0"/>
        <line num="20" count="4" type="cond" truecount="1" falsecount="1"/>
        <line num="30" count="4" type="stmt"/>
      </file>
    </package>
    <package name="src.config">
      <metrics statements="24" coveredstatements="22" conditionals="18" coveredconditionals="16" methods="9" coveredmethods="8"/>
      <file name="cors.js" path="C:\Users\pc\Documents\waves\Liquifact-backend\src\config\cors.js">
        <metrics statements="24" coveredstatements="22" conditionals="18" coveredconditionals="16" methods="9" coveredmethods="8"/>
        <line num="7" count="9" type="stmt"/>
        <line num="15" count="9" type="stmt"/>
        <line num="22" count="27" type="cond" truecount="4" falsecount="0"/>
        <line num="23" count="5" type="stmt"/>
        <line num="27" count="11" type="stmt"/>
        <line num="37" count="24" type="stmt"/>
        <line num="38" count="24" type="cond" truecount="2" falsecount="0"/>
        <line num="40" count="21" type="cond" truecount="2" falsecount="0"/>
        <line num="42" count="20" type="stmt"/>
        <line num="49" count="3" type="stmt"/>
        <line num="50" count="3" type="stmt"/>
        <line num="51" count="3" type="stmt"/>
        <line num="52" count="3" type="stmt"/>
        <line num="59" count="22" type="cond" truecount="2" falsecount="0"/>
        <line num="66" count="21" type="stmt"/>
        <line num="68" count="21" type="stmt"/>
        <line num="70" count="68" type="cond" truecount="2" falsecount="0"/>
        <line num="71" count="66" type="stmt"/>
        <line num="74" count="2" type="cond" truecount="3" falsecount="1"/>
        <line num="75" count="0" type="stmt"/>
        <line num="78" count="2" type="stmt"/>
        <line num="84" count="9" type="stmt"/>
        <line num="89" count="1" type="stmt"/>
        <line num="93" count="0" type="stmt"/>
      </file>
    </package>
    <package name="src.errors">
      <metrics statements="9" coveredstatements="9" conditionals="4" coveredconditionals="4" methods="1" coveredmethods="1"/>
      <file name="AppError.js" path="C:\Users\pc\Documents\waves\Liquifact-backend\src\errors\AppError.js">
        <metrics statements="9" coveredstatements="9" conditionals="4" coveredconditionals="4" methods="1" coveredmethods="1"/>
        <line num="15" count="14" type="stmt"/>
        <line num="16" count="14" type="stmt"/>
        <line num="17" count="14" type="cond" truecount="2" falsecount="0"/>
        <line num="18" count="14" type="stmt"/>
        <line num="19" count="14" type="cond" truecount="2" falsecount="0"/>
        <line num="20" count="14" type="stmt"/>
        <line num="21" count="14" type="stmt"/>
        <line num="24" count="14" type="stmt"/>
        <line num="28" count="13" type="stmt"/>
      </file>
    </package>
    <package name="src.middleware">
      <metrics statements="104" coveredstatements="100" conditionals="103" coveredconditionals="92" methods="22" coveredmethods="21"/>
      <file name="auth.js" path="C:\Users\pc\Documents\waves\Liquifact-backend\src\middleware\auth.js">
        <metrics statements="18" coveredstatements="18" conditionals="12" coveredconditionals="12" methods="2" coveredmethods="2"/>
        <line num="7" count="8" type="stmt"/>
        <line num="19" count="8" type="stmt"/>
        <line num="20" count="28" type="stmt"/>
        <line num="22" count="28" type="cond" truecount="2" falsecount="0"/>
        <line num="23" count="2" type="stmt"/>
        <line num="26" count="26" type="stmt"/>
        <line num="28" count="26" type="cond" truecount="4" falsecount="0"/>
        <line num="29" count="2" type="stmt"/>
        <line num="32" count="24" type="stmt"/>
        <line num="33" count="24" type="cond" truecount="2" falsecount="0"/>
        <line num="35" count="24" type="stmt"/>
        <line num="36" count="24" type="cond" truecount="2" falsecount="0"/>
        <line num="37" count="2" type="cond" truecount="2" falsecount="0"/>
        <line num="38" count="1" type="stmt"/>
        <line num="40" count="1" type="stmt"/>
        <line num="44" count="22" type="stmt"/>
        <line num="45" count="22" type="stmt"/>
        <line num="49" count="8" type="stmt"/>
      </file>
      <file name="bodySizeLimits.js" path="C:\Users\pc\Documents\waves\Liquifact-backend\src\middleware\bodySizeLimits.js">
        <metrics statements="31" coveredstatements="28" conditionals="36" coveredconditionals="34" methods="8" coveredmethods="7"/>
        <line num="13" count="8" type="stmt"/>
        <line num="25" count="8" type="stmt"/>
        <line num="51" count="82" type="cond" truecount="4" falsecount="0"/>
        <line num="52" count="6" type="stmt"/>
        <line num="55" count="76" type="stmt"/>
        <line num="56" count="76" type="cond" truecount="2" falsecount="0"/>
        <line num="57" count="3" type="stmt"/>
        <line num="60" count="73" type="stmt"/>
        <line num="61" count="73" type="cond" truecount="2" falsecount="0"/>
        <line num="63" count="73" type="stmt"/>
        <line num="64" count="73" type="stmt"/>
        <line num="76" count="0" type="stmt"/>
        <line num="98" count="39" type="cond" truecount="2" falsecount="0"/>
        <line num="99" count="39" type="stmt"/>
        <line num="101" count="39" type="stmt"/>
        <line num="112" count="86" type="cond" truecount="2" falsecount="0"/>
        <line num="113" count="86" type="cond" truecount="3" falsecount="1"/>
        <line num="114" count="0" type="stmt"/>
        <line num="116" count="86" type="stmt"/>
        <line num="131" count="19" type="cond" truecount="2" falsecount="0"/>
        <line num="132" count="19" type="stmt"/>
        <line num="134" count="19" type="stmt"/>
        <line num="145" count="61" type="cond" truecount="2" falsecount="0"/>
        <line num="146" count="61" type="cond" truecount="3" falsecount="1"/>
        <line num="147" count="0" type="stmt"/>
        <line num="149" count="61" type="stmt"/>
        <line num="170" count="17" type="cond" truecount="2" falsecount="0"/>
        <line num="171" count="3" type="stmt"/>
        <line num="177" count="14" type="stmt"/>
        <line num="193" count="19" type="cond" truecount="2" falsecount="0"/>
        <line num="196" count="8" type="stmt"/>
      </file>
      <file name="deprecation.js" path="C:\Users\pc\Documents\waves\Liquifact-backend\src\middleware\deprecation.js">
        <metrics statements="11" coveredstatements="11" conditionals="7" coveredconditionals="3" methods="2" coveredmethods="2"/>
        <line num="9" count="1" type="cond" truecount="0" falsecount="1"/>
        <line num="10" count="1" type="stmt"/>
        <line num="12" count="3" type="stmt"/>
        <line num="14" count="3" type="cond" truecount="1" falsecount="1"/>
        <line num="15" count="3" type="stmt"/>
        <line num="17" count="3" type="cond" truecount="1" falsecount="1"/>
        <line num="18" count="3" type="stmt"/>
        <line num="22" count="3" type="cond" truecount="1" falsecount="1"/>
        <line num="24" count="3" type="stmt"/>
        <line num="27" count="3" type="stmt"/>
        <line num="31" count="1" type="stmt"/>
      </file>
      <file name="errorHandler.js" path="C:\Users\pc\Documents\waves\Liquifact-backend\src\middleware\errorHandler.js">
        <metrics statements="14" coveredstatements="14" conditionals="33" coveredconditionals="31" methods="1" coveredmethods="1"/>
        <line num="3" count="11" type="stmt"/>
        <line num="4" count="11" type="stmt"/>
        <line num="17" count="20" type="cond" truecount="3" falsecount="0"/>
        <line num="21" count="20" type="cond" truecount="2" falsecount="0"/>
        <line num="22" count="10" type="stmt"/>
        <line num="32" count="10" type="cond" truecount="2" falsecount="0"/>
        <line num="33" count="8" type="stmt"/>
        <line num="36" count="10" type="stmt"/>
        <line num="50" count="20" type="stmt"/>
        <line num="51" count="20" type="stmt"/>
        <line num="57" count="20" type="stmt"/>
        <line num="64" count="20" type="stmt"/>
        <line num="66" count="20" type="stmt"/>
        <line num="69" count="11" type="stmt"/>
      </file>
      <file name="rateLimit.js" path="C:\Users\pc\Documents\waves\Liquifact-backend\src\middleware\rateLimit.js">
        <metrics statements="6" coveredstatements="6" conditionals="4" coveredconditionals="3" methods="2" coveredmethods="2"/>
        <line num="6" count="8" type="stmt"/>
        <line num="12" count="8" type="stmt"/>
        <line num="27" count="61" type="cond" truecount="1" falsecount="1"/>
        <line num="35" count="8" type="stmt"/>
        <line num="49" count="26" type="cond" truecount="2" falsecount="0"/>
        <line num="53" count="8" type="stmt"/>
      </file>
      <file name="security.js" path="C:\Users\pc\Documents\waves\Liquifact-backend\src\middleware\security.js">
        <metrics statements="3" coveredstatements="3" conditionals="0" coveredconditionals="0" methods="1" coveredmethods="1"/>
        <line num="22" count="8" type="stmt"/>
        <line num="38" count="19" type="stmt"/>
        <line num="137" count="8" type="stmt"/>
      </file>
      <file name="validate.js" path="C:\Users\pc\Documents\waves\Liquifact-backend\src\middleware\validate.js">
        <metrics statements="21" coveredstatements="20" conditionals="11" coveredconditionals="9" methods="6" coveredmethods="6"/>
        <line num="1" count="9" type="stmt"/>
        <line num="2" count="9" type="stmt"/>
        <line num="7" count="21" type="cond" truecount="1" falsecount="0"/>
        <line num="8" count="21" type="stmt"/>
        <line num="9" count="21" type="stmt"/>
        <line num="10" count="18" type="stmt"/>
        <line num="11" count="18" type="stmt"/>
        <line num="13" count="3" type="cond" truecount="1" falsecount="1"/>
        <line num="14" count="3" type="stmt"/>
        <line num="18" count="3" type="cond" truecount="1" falsecount="1"/>
        <line num="22" count="0" type="stmt"/>
        <line num="29" count="38" type="stmt"/>
        <line num="30" count="29" type="stmt"/>
        <line num="32" count="29" type="stmt"/>
        <line num="34" count="29" type="cond" truecount="6" falsecount="0"/>
        <line num="35" count="4" type="stmt"/>
        <line num="38" count="25" type="stmt"/>
        <line num="39" count="25" type="stmt"/>
        <line num="40" count="25" type="stmt"/>
        <line num="53" count="29" type="stmt"/>
        <line num="56" count="9" type="stmt"/>
      </file>
    </package>
    <package name="src.schemas">
      <metrics statements="9" coveredstatements="9" conditionals="0" coveredconditionals="0" methods="0" coveredmethods="0"/>
      <file name="apiSchemas.js" path="C:\Users\pc\Documents\waves\Liquifact-backend\src\schemas\apiSchemas.js">
        <metrics statements="9" coveredstatements="9" conditionals="0" coveredconditionals="0" methods="0" coveredmethods="0"/>
        <line num="1" count="8" type="stmt"/>
        <line num="3" count="8" type="stmt"/>
        <line num="8" count="8" type="stmt"/>
        <line num="14" count="8" type="stmt"/>
        <line num="22" count="8" type="stmt"/>
        <line num="28" count="8" type="stmt"/>
        <line num="32" count="8" type="stmt"/>
        <line num="36" count="8" type="stmt"/>
        <line num="40" count="8" type="stmt"/>
      </file>
    </package>
    <package name="src.services">
      <metrics statements="39" coveredstatements="38" conditionals="32" coveredconditionals="24" methods="7" coveredmethods="7"/>
      <file name="invoice.service.js" path="C:\Users\pc\Documents\waves\Liquifact-backend\src\services\invoice.service.js">
        <metrics statements="10" coveredstatements="10" conditionals="0" coveredconditionals="0" methods="1" coveredmethods="1"/>
        <line num="1" count="9" type="stmt"/>
        <line num="2" count="9" type="stmt"/>
        <line num="11" count="9" type="stmt"/>
        <line num="32" count="5" type="stmt"/>
        <line num="33" count="5" type="stmt"/>
        <line num="36" count="5" type="stmt"/>
        <line num="42" count="5" type="stmt"/>
        <line num="44" count="1" type="stmt"/>
        <line num="45" count="1" type="stmt"/>
        <line num="49" count="9" type="stmt"/>
      </file>
      <file name="soroban.js" path="C:\Users\pc\Documents\waves\Liquifact-backend\src\services\soroban.js">
        <metrics statements="29" coveredstatements="28" conditionals="32" coveredconditionals="24" methods="6" coveredmethods="6"/>
        <line num="21" count="9" type="stmt"/>
        <line num="32" count="9" type="stmt"/>
        <line num="41" count="1" type="stmt"/>
        <line num="55" count="1" type="stmt"/>
        <line num="56" count="1" type="stmt"/>
        <line num="57" count="1" type="stmt"/>
        <line num="58" count="1" type="stmt"/>
        <line num="59" count="1" type="stmt"/>
        <line num="70" count="8" type="cond" truecount="1" falsecount="1"/>
        <line num="73" count="8" type="cond" truecount="3" falsecount="1"/>
        <line num="76" count="8" type="cond" truecount="2" falsecount="2"/>
        <line num="77" count="8" type="cond" truecount="2" falsecount="2"/>
        <line num="80" count="8" type="cond" truecount="1" falsecount="1"/>
        <line num="81" count="8" type="cond" truecount="2" falsecount="0"/>
        <line num="82" count="7" type="cond" truecount="2" falsecount="0"/>
        <line num="83" count="4" type="cond" truecount="1" falsecount="1"/>
        <line num="85" count="4" type="stmt"/>
        <line num="101" count="5" type="stmt"/>
        <line num="102" count="5" type="stmt"/>
        <line num="105" count="5" type="stmt"/>
        <line num="106" count="6" type="stmt"/>
        <line num="107" count="6" type="stmt"/>
        <line num="109" count="2" type="stmt"/>
        <line num="110" count="2" type="cond" truecount="4" falsecount="0"/>
        <line num="112" count="1" type="stmt"/>
        <line num="113" count="1" type="stmt"/>
        <line num="117" count="0" type="stmt"/>
        <line num="129" count="5" type="stmt"/>
        <line num="132" count="9" type="stmt"/>
      </file>
    </package>
    <package name="src.utils">
      <metrics statements="95" coveredstatements="94" conditionals="91" coveredconditionals="86" methods="11" coveredmethods="11"/>
      <file name="asyncHandler.js" path="C:\Users\pc\Documents\waves\Liquifact-backend\src\utils\asyncHandler.js">
        <metrics statements="4" coveredstatements="4" conditionals="0" coveredconditionals="0" methods="2" coveredmethods="2"/>
        <line num="8" count="10" type="stmt"/>
        <line num="9" count="43" type="stmt"/>
        <line num="10" count="19" type="stmt"/>
        <line num="14" count="10" type="stmt"/>
      </file>
      <file name="problemDetails.js" path="C:\Users\pc\Documents\waves\Liquifact-backend\src\utils\problemDetails.js">
        <metrics statements="5" coveredstatements="5" conditionals="8" coveredconditionals="8" methods="1" coveredmethods="1"/>
        <line num="14" count="23" type="stmt"/>
        <line num="23" count="23" type="cond" truecount="4" falsecount="0"/>
        <line num="24" count="19" type="stmt"/>
        <line num="27" count="23" type="stmt"/>
        <line num="30" count="12" type="stmt"/>
      </file>
      <file name="queryBuilder.js" path="C:\Users\pc\Documents\waves\Liquifact-backend\src\utils\queryBuilder.js">
        <metrics statements="23" coveredstatements="23" conditionals="33" coveredconditionals="29" methods="2" coveredmethods="2"/>
        <line num="23" count="16" type="cond" truecount="2" falsecount="0"/>
        <line num="24" count="16" type="cond" truecount="1" falsecount="2"/>
        <line num="27" count="16" type="stmt"/>
        <line num="28" count="11" type="stmt"/>
        <line num="29" count="11" type="cond" truecount="5" falsecount="0"/>
        <line num="31" count="8" type="cond" truecount="2" falsecount="0"/>
        <line num="32" count="7" type="cond" truecount="2" falsecount="0"/>
        <line num="35" count="7" type="cond" truecount="2" falsecount="0"/>
        <line num="36" count="1" type="stmt"/>
        <line num="37" count="6" type="cond" truecount="2" falsecount="0"/>
        <line num="38" count="1" type="stmt"/>
        <line num="41" count="5" type="stmt"/>
        <line num="47" count="16" type="cond" truecount="1" falsecount="0"/>
        <line num="48" count="16" type="cond" truecount="4" falsecount="0"/>
        <line num="49" count="5" type="cond" truecount="2" falsecount="0"/>
        <line num="50" count="5" type="cond" truecount="2" falsecount="0"/>
        <line num="51" count="5" type="stmt"/>
        <line num="52" count="11" type="cond" truecount="2" falsecount="0"/>
        <line num="54" count="10" type="stmt"/>
        <line num="55" count="10" type="cond" truecount="2" falsecount="0"/>
        <line num="56" count="10" type="stmt"/>
        <line num="59" count="16" type="stmt"/>
        <line num="62" count="10" type="stmt"/>
      </file>
      <file name="responseHelper.js" path="C:\Users\pc\Documents\waves\Liquifact-backend\src\utils\responseHelper.js">
        <metrics statements="6" coveredstatements="6" conditionals="5" coveredconditionals="5" methods="2" coveredmethods="2"/>
        <line num="3" count="8" type="stmt"/>
        <line num="8" count="8" type="cond" truecount="1" falsecount="0"/>
        <line num="9" count="43" type="cond" truecount="2" falsecount="0"/>
        <line num="10" count="43" type="stmt"/>
        <line num="25" count="8" type="cond" truecount="2" falsecount="0"/>
        <line num="39" count="8" type="stmt"/>
      </file>
      <file name="retry.js" path="C:\Users\pc\Documents\waves\Liquifact-backend\src\utils\retry.js">
        <metrics statements="20" coveredstatements="20" conditionals="9" coveredconditionals="9" methods="3" coveredmethods="3"/>
        <line num="29" count="6" type="stmt"/>
        <line num="30" count="6" type="stmt"/>
        <line num="31" count="6" type="stmt"/>
        <line num="37" count="15" type="cond" truecount="1" falsecount="0"/>
        <line num="38" count="6" type="stmt"/>
        <line num="41" count="6" type="stmt"/>
        <line num="42" count="6" type="stmt"/>
        <line num="43" count="6" type="stmt"/>
        <line num="45" count="6" type="stmt"/>
        <line num="47" count="6" type="stmt"/>
        <line num="48" count="21" type="stmt"/>
        <line num="49" count="21" type="stmt"/>
        <line num="51" count="19" type="cond" truecount="4" falsecount="0"/>
        <line num="52" count="4" type="stmt"/>
        <line num="56" count="15" type="stmt"/>
        <line num="57" count="15" type="stmt"/>
        <line num="60" count="15" type="stmt"/>
        <line num="62" count="15" type="stmt"/>
        <line num="63" count="15" type="stmt"/>
        <line num="68" count="1" type="stmt"/>
      </file>
      <file name="validators.js" path="C:\Users\pc\Documents\waves\Liquifact-backend\src\utils\validators.js">
        <metrics statements="37" coveredstatements="36" conditionals="36" coveredconditionals="35" methods="1" coveredmethods="1"/>
        <line num="14" count="24" type="stmt"/>
        <line num="15" count="24" type="stmt"/>
        <line num="28" count="24" type="stmt"/>
        <line num="31" count="24" type="cond" truecount="2" falsecount="0"/>
        <line num="32" count="6" type="stmt"/>
        <line num="33" count="6" type="cond" truecount="2" falsecount="0"/>
        <line num="34" count="2" type="stmt"/>
        <line num="36" count="4" type="stmt"/>
        <line num="41" count="24" type="cond" truecount="2" falsecount="0"/>
        <line num="42" count="2" type="cond" truecount="3" falsecount="1"/>
        <line num="43" count="2" type="stmt"/>
        <line num="45" count="0" type="stmt"/>
        <line num="50" count="24" type="cond" truecount="2" falsecount="0"/>
        <line num="51" count="2" type="cond" truecount="4" falsecount="0"/>
        <line num="52" count="1" type="stmt"/>
        <line num="54" count="1" type="stmt"/>
        <line num="59" count="24" type="stmt"/>
        <line num="60" count="24" type="cond" truecount="2" falsecount="0"/>
        <line num="61" count="5" type="cond" truecount="4" falsecount="0"/>
        <line num="62" count="2" type="stmt"/>
        <line num="64" count="3" type="stmt"/>
        <line num="68" count="24" type="cond" truecount="2" falsecount="0"/>
        <line num="69" count="3" type="cond" truecount="4" falsecount="0"/>
        <line num="70" count="2" type="stmt"/>
        <line num="72" count="1" type="stmt"/>
        <line num="77" count="24" type="cond" truecount="2" falsecount="0"/>
        <line num="78" count="4" type="stmt"/>
        <line num="79" count="4" type="cond" truecount="2" falsecount="0"/>
        <line num="80" count="2" type="stmt"/>
        <line num="82" count="2" type="stmt"/>
        <line num="87" count="24" type="cond" truecount="2" falsecount="0"/>
        <line num="88" count="3" type="stmt"/>
        <line num="89" count="3" type="cond" truecount="2" falsecount="0"/>
        <line num="90" count="2" type="stmt"/>
        <line num="92" count="1" type="stmt"/>
        <line num="96" count="24" type="stmt"/>
        <line num="103" count="9" type="stmt"/>
      </file>
    </package>
  </project>
</coverage>
