<?xml version="1.0" encoding="UTF-8"?>
<coverage generated="1774720396226" clover="3.2.0">
  <project timestamp="1774720396226" name="All files">
    <metrics statements="366" coveredstatements="356" conditionals="274" coveredconditionals="245" methods="69" coveredmethods="66" elements="709" coveredelements="667" complexity="0" loc="366" ncloc="366" packages="7" files="21" classes="21"/>
    <package name="src">
      <metrics statements="73" coveredstatements="71" conditionals="14" coveredconditionals="11" methods="14" coveredmethods="13"/>
      <file name="app.js" path="C:\Users\pc\Documents\waves\Liquifact-backend\src\app.js">
        <metrics statements="68" coveredstatements="66" conditionals="10" coveredconditionals="8" methods="14" coveredmethods="13"/>
        <line num="3" count="9" type="stmt"/>
        <line num="4" count="9" type="stmt"/>
        <line num="5" count="9" type="stmt"/>
        <line num="7" count="9" type="stmt"/>
        <line num="8" count="9" type="stmt"/>
        <line num="9" count="9" type="stmt"/>
        <line num="10" count="9" type="stmt"/>
        <line num="11" count="9" type="stmt"/>
        <line num="12" count="9" type="stmt"/>
        <line num="18" count="9" type="stmt"/>
        <line num="19" count="9" type="stmt"/>
        <line num="20" count="9" type="stmt"/>
        <line num="21" count="9" type="stmt"/>
        <line num="22" count="9" type="stmt"/>
        <line num="24" count="9" type="stmt"/>
        <line num="25" count="9" type="stmt"/>
        <line num="26" count="9" type="stmt"/>
        <line num="29" count="22" type="stmt"/>
        <line num="30" count="22" type="stmt"/>
        <line num="33" count="22" type="stmt"/>
        <line num="34" count="22" type="stmt"/>
        <line num="35" count="22" type="stmt"/>
        <line num="36" count="22" type="stmt"/>
        <line num="37" count="22" type="stmt"/>
        <line num="42" count="22" type="stmt"/>
        <line num="43" count="10" type="stmt"/>
        <line num="50" count="22" type="stmt"/>
        <line num="51" count="3" type="stmt"/>
        <line num="65" count="22" type="stmt"/>
        <line num="66" count="12" type="stmt"/>
        <line num="67" count="12" type="cond" truecount="2" falsecount="0"/>
        <line num="68" count="3" type="stmt"/>
        <line num="77" count="9" type="stmt"/>
        <line num="78" count="8" type="stmt"/>
        <line num="79" count="8" type="cond" truecount="1" falsecount="1"/>
        <line num="81" count="8" type="stmt"/>
        <line num="84" count="22" type="stmt"/>
        <line num="91" count="17" type="stmt"/>
        <line num="92" count="17" type="stmt"/>
        <line num="101" count="17" type="stmt"/>
        <line num="102" count="17" type="stmt"/>
        <line num="106" count="22" type="stmt"/>
        <line num="107" count="1" type="stmt"/>
        <line num="108" count="1" type="stmt"/>
        <line num="109" count="1" type="cond" truecount="1" falsecount="1"/>
        <line num="110" count="0" type="stmt"/>
        <line num="117" count="1" type="stmt"/>
        <line num="118" count="1" type="stmt"/>
        <line num="124" count="22" type="stmt"/>
        <line num="128" count="4" type="stmt"/>
        <line num="129" count="4" type="stmt"/>
        <line num="130" count="4" type="stmt"/>
        <line num="137" count="22" type="stmt"/>
        <line num="138" count="3" type="stmt"/>
        <line num="141" count="22" type="stmt"/>
        <line num="142" count="0" type="stmt"/>
        <line num="146" count="22" type="stmt"/>
        <line num="147" count="5" type="stmt"/>
        <line num="155" count="22" type="stmt"/>
        <line num="156" count="26" type="cond" truecount="2" falsecount="0"/>
        <line num="157" count="25" type="stmt"/>
        <line num="160" count="22" type="stmt"/>
        <line num="161" count="22" type="stmt"/>
        <line num="164" count="22" type="stmt"/>
        <line num="166" count="22" type="stmt"/>
        <line num="169" count="9" type="stmt"/>
        <line num="170" count="9" type="stmt"/>
        <line num="171" count="9" type="stmt"/>
      </file>
      <file name="index.js" path="C:\Users\pc\Documents\waves\Liquifact-backend\src\index.js">
        <metrics statements="5" coveredstatements="5" conditionals="4" coveredconditionals="3" methods="0" coveredmethods="0"/>
        <line num="7" count="3" type="stmt"/>
        <line num="8" count="3" type="stmt"/>
        <line num="10" count="3" type="cond" truecount="2" falsecount="0"/>
        <line num="20" count="3" type="cond" truecount="1" falsecount="1"/>
        <line num="30" count="3" type="stmt"/>
      </file>
    </package>
    <package name="src.config">
      <metrics statements="24" coveredstatements="22" conditionals="18" coveredconditionals="16" methods="9" coveredmethods="8"/>
      <file name="cors.js" path="C:\Users\pc\Documents\waves\Liquifact-backend\src\config\cors.js">
        <metrics statements="24" coveredstatements="22" conditionals="18" coveredconditionals="16" methods="9" coveredmethods="8"/>
        <line num="7" count="10" type="stmt"/>
        <line num="15" count="10" type="stmt"/>
        <line num="22" count="30" type="cond" truecount="4" falsecount="0"/>
        <line num="23" count="5" type="stmt"/>
        <line num="27" count="11" type="stmt"/>
        <line num="37" count="27" type="stmt"/>
        <line num="38" count="27" type="cond" truecount="2" falsecount="0"/>
        <line num="40" count="24" type="cond" truecount="2" falsecount="0"/>
        <line num="42" count="23" type="stmt"/>
        <line num="49" count="3" type="stmt"/>
        <line num="50" count="3" type="stmt"/>
        <line num="51" count="3" type="stmt"/>
        <line num="52" count="3" type="stmt"/>
        <line num="59" count="30" type="cond" truecount="2" falsecount="0"/>
        <line num="66" count="24" type="stmt"/>
        <line num="68" count="24" type="stmt"/>
        <line num="70" count="72" type="cond" truecount="2" falsecount="0"/>
        <line num="71" count="70" type="stmt"/>
        <line num="74" count="2" type="cond" truecount="3" falsecount="1"/>
        <line num="75" count="0" type="stmt"/>
        <line num="78" count="2" type="stmt"/>
        <line num="84" count="10" type="stmt"/>
        <line num="89" count="1" type="stmt"/>
        <line num="93" count="0" type="stmt"/>
      </file>
    </package>
    <package name="src.errors">
      <metrics statements="9" coveredstatements="9" conditionals="4" coveredconditionals="4" methods="1" coveredmethods="1"/>
      <file name="AppError.js" path="C:\Users\pc\Documents\waves\Liquifact-backend\src\errors\AppError.js">
        <metrics statements="9" coveredstatements="9" conditionals="4" coveredconditionals="4" methods="1" coveredmethods="1"/>
        <line num="15" count="22" type="stmt"/>
        <line num="16" count="22" type="stmt"/>
        <line num="17" count="22" type="cond" truecount="2" falsecount="0"/>
        <line num="18" count="22" type="stmt"/>
        <line num="19" count="22" type="cond" truecount="2" falsecount="0"/>
        <line num="20" count="22" type="stmt"/>
        <line num="21" count="22" type="stmt"/>
        <line num="24" count="22" type="stmt"/>
        <line num="28" count="14" type="stmt"/>
      </file>
    </package>
    <package name="src.middleware">
      <metrics statements="105" coveredstatements="101" conditionals="107" coveredconditionals="96" methods="22" coveredmethods="21"/>
      <file name="auth.js" path="C:\Users\pc\Documents\waves\Liquifact-backend\src\middleware\auth.js">
        <metrics statements="19" coveredstatements="19" conditionals="12" coveredconditionals="12" methods="2" coveredmethods="2"/>
        <line num="9" count="9" type="stmt"/>
        <line num="10" count="9" type="stmt"/>
        <line num="22" count="9" type="stmt"/>
        <line num="23" count="31" type="stmt"/>
        <line num="25" count="31" type="cond" truecount="2" falsecount="0"/>
        <line num="26" count="3" type="stmt"/>
        <line num="34" count="28" type="stmt"/>
        <line num="36" count="28" type="cond" truecount="4" falsecount="0"/>
        <line num="37" count="2" type="stmt"/>
        <line num="45" count="26" type="stmt"/>
        <line num="46" count="26" type="cond" truecount="2" falsecount="0"/>
        <line num="48" count="26" type="stmt"/>
        <line num="49" count="26" type="cond" truecount="2" falsecount="0"/>
        <line num="50" count="2" type="cond" truecount="2" falsecount="0"/>
        <line num="51" count="1" type="stmt"/>
        <line num="58" count="1" type="stmt"/>
        <line num="66" count="24" type="stmt"/>
        <line num="67" count="24" type="stmt"/>
        <line num="71" count="9" type="stmt"/>
      </file>
      <file name="bodySizeLimits.js" path="C:\Users\pc\Documents\waves\Liquifact-backend\src\middleware\bodySizeLimits.js">
        <metrics statements="31" coveredstatements="28" conditionals="36" coveredconditionals="34" methods="8" coveredmethods="7"/>
        <line num="13" count="9" type="stmt"/>
        <line num="25" count="9" type="stmt"/>
        <line num="51" count="91" type="cond" truecount="4" falsecount="0"/>
        <line num="52" count="6" type="stmt"/>
        <line num="55" count="85" type="stmt"/>
        <line num="56" count="85" type="cond" truecount="2" falsecount="0"/>
        <line num="57" count="3" type="stmt"/>
        <line num="60" count="82" type="stmt"/>
        <line num="61" count="82" type="cond" truecount="2" falsecount="0"/>
        <line num="63" count="82" type="stmt"/>
        <line num="64" count="82" type="stmt"/>
        <line num="76" count="0" type="stmt"/>
        <line num="98" count="45" type="cond" truecount="2" falsecount="0"/>
        <line num="99" count="45" type="stmt"/>
        <line num="101" count="45" type="stmt"/>
        <line num="112" count="90" type="cond" truecount="2" falsecount="0"/>
        <line num="113" count="90" type="cond" truecount="3" falsecount="1"/>
        <line num="114" count="0" type="stmt"/>
        <line num="116" count="90" type="stmt"/>
        <line num="131" count="22" type="cond" truecount="2" falsecount="0"/>
        <line num="132" count="22" type="stmt"/>
        <line num="134" count="22" type="stmt"/>
        <line num="145" count="65" type="cond" truecount="2" falsecount="0"/>
        <line num="146" count="65" type="cond" truecount="3" falsecount="1"/>
        <line num="147" count="0" type="stmt"/>
        <line num="149" count="65" type="stmt"/>
        <line num="170" count="25" type="cond" truecount="2" falsecount="0"/>
        <line num="171" count="3" type="stmt"/>
        <line num="177" count="22" type="stmt"/>
        <line num="193" count="22" type="cond" truecount="2" falsecount="0"/>
        <line num="196" count="9" type="stmt"/>
      </file>
      <file name="deprecation.js" path="C:\Users\pc\Documents\waves\Liquifact-backend\src\middleware\deprecation.js">
        <metrics statements="11" coveredstatements="11" conditionals="7" coveredconditionals="3" methods="2" coveredmethods="2"/>
        <line num="9" count="1" type="cond" truecount="0" falsecount="1"/>
        <line num="10" count="1" type="stmt"/>
        <line num="12" count="3" type="stmt"/>
        <line num="14" count="3" type="cond" truecount="1" falsecount="1"/>
        <line num="15" count="3" type="stmt"/>
        <line num="17" count="3" type="cond" truecount="1" falsecount="1"/>
        <line num="18" count="3" type="stmt"/>
        <line num="22" count="3" type="cond" truecount="1" falsecount="1"/>
        <line num="24" count="3" type="stmt"/>
        <line num="27" count="3" type="stmt"/>
        <line num="31" count="1" type="stmt"/>
      </file>
      <file name="errorHandler.js" path="C:\Users\pc\Documents\waves\Liquifact-backend\src\middleware\errorHandler.js">
        <metrics statements="14" coveredstatements="14" conditionals="37" coveredconditionals="35" methods="1" coveredmethods="1"/>
        <line num="3" count="12" type="stmt"/>
        <line num="4" count="12" type="stmt"/>
        <line num="17" count="28" type="cond" truecount="3" falsecount="0"/>
        <line num="21" count="28" type="cond" truecount="2" falsecount="0"/>
        <line num="22" count="18" type="stmt"/>
        <line num="32" count="10" type="cond" truecount="2" falsecount="0"/>
        <line num="33" count="8" type="stmt"/>
        <line num="36" count="10" type="stmt"/>
        <line num="50" count="28" type="stmt"/>
        <line num="51" count="28" type="stmt"/>
        <line num="57" count="28" type="stmt"/>
        <line num="64" count="28" type="stmt"/>
        <line num="66" count="28" type="stmt"/>
        <line num="69" count="12" type="stmt"/>
      </file>
      <file name="rateLimit.js" path="C:\Users\pc\Documents\waves\Liquifact-backend\src\middleware\rateLimit.js">
        <metrics statements="6" coveredstatements="6" conditionals="4" coveredconditionals="3" methods="2" coveredmethods="2"/>
        <line num="6" count="9" type="stmt"/>
        <line num="12" count="9" type="stmt"/>
        <line num="27" count="65" type="cond" truecount="1" falsecount="1"/>
        <line num="35" count="9" type="stmt"/>
        <line num="49" count="26" type="cond" truecount="2" falsecount="0"/>
        <line num="53" count="9" type="stmt"/>
      </file>
      <file name="security.js" path="C:\Users\pc\Documents\waves\Liquifact-backend\src\middleware\security.js">
        <metrics statements="3" coveredstatements="3" conditionals="0" coveredconditionals="0" methods="1" coveredmethods="1"/>
        <line num="22" count="9" type="stmt"/>
        <line num="38" count="22" type="stmt"/>
        <line num="137" count="9" type="stmt"/>
      </file>
      <file name="validate.js" path="C:\Users\pc\Documents\waves\Liquifact-backend\src\middleware\validate.js">
        <metrics statements="21" coveredstatements="20" conditionals="11" coveredconditionals="9" methods="6" coveredmethods="6"/>
        <line num="1" count="10" type="stmt"/>
        <line num="2" count="10" type="stmt"/>
        <line num="7" count="24" type="cond" truecount="1" falsecount="0"/>
        <line num="8" count="21" type="stmt"/>
        <line num="9" count="21" type="stmt"/>
        <line num="10" count="18" type="stmt"/>
        <line num="11" count="18" type="stmt"/>
        <line num="13" count="3" type="cond" truecount="1" falsecount="1"/>
        <line num="14" count="3" type="stmt"/>
        <line num="18" count="3" type="cond" truecount="1" falsecount="1"/>
        <line num="22" count="0" type="stmt"/>
        <line num="29" count="66" type="stmt"/>
        <line num="30" count="33" type="stmt"/>
        <line num="32" count="33" type="stmt"/>
        <line num="34" count="33" type="cond" truecount="6" falsecount="0"/>
        <line num="35" count="4" type="stmt"/>
        <line num="38" count="29" type="stmt"/>
        <line num="39" count="29" type="stmt"/>
        <line num="40" count="29" type="stmt"/>
        <line num="53" count="33" type="stmt"/>
        <line num="56" count="10" type="stmt"/>
      </file>
    </package>
    <package name="src.schemas">
      <metrics statements="11" coveredstatements="11" conditionals="0" coveredconditionals="0" methods="0" coveredmethods="0"/>
      <file name="apiSchemas.js" path="C:\Users\pc\Documents\waves\Liquifact-backend\src\schemas\apiSchemas.js">
        <metrics statements="11" coveredstatements="11" conditionals="0" coveredconditionals="0" methods="0" coveredmethods="0"/>
        <line num="1" count="9" type="stmt"/>
        <line num="3" count="9" type="stmt"/>
        <line num="8" count="9" type="stmt"/>
        <line num="14" count="9" type="stmt"/>
        <line num="22" count="9" type="stmt"/>
        <line num="34" count="9" type="stmt"/>
        <line num="40" count="9" type="stmt"/>
        <line num="44" count="9" type="stmt"/>
        <line num="48" count="9" type="stmt"/>
        <line num="52" count="9" type="stmt"/>
        <line num="56" count="9" type="stmt"/>
      </file>
    </package>
    <package name="src.services">
      <metrics statements="49" coveredstatements="48" conditionals="40" coveredconditionals="32" methods="12" coveredmethods="12"/>
      <file name="escrow.service.js" path="C:\Users\pc\Documents\waves\Liquifact-backend\src\services\escrow.service.js">
        <metrics statements="10" coveredstatements="10" conditionals="8" coveredconditionals="8" methods="5" coveredmethods="5"/>
        <line num="12" count="10" type="stmt"/>
        <line num="17" count="10" type="stmt"/>
        <line num="34" count="7" type="stmt"/>
        <line num="39" count="7" type="stmt"/>
        <line num="42" count="7" type="cond" truecount="2" falsecount="0"/>
        <line num="43" count="7" type="stmt"/>
        <line num="45" count="7" type="stmt"/>
        <line num="66" count="1" type="stmt"/>
        <line num="68" count="1" type="stmt"/>
        <line num="78" count="10" type="stmt"/>
      </file>
      <file name="invoice.service.js" path="C:\Users\pc\Documents\waves\Liquifact-backend\src\services\invoice.service.js">
        <metrics statements="10" coveredstatements="10" conditionals="0" coveredconditionals="0" methods="1" coveredmethods="1"/>
        <line num="1" count="10" type="stmt"/>
        <line num="2" count="10" type="stmt"/>
        <line num="11" count="10" type="stmt"/>
        <line num="32" count="5" type="stmt"/>
        <line num="33" count="5" type="stmt"/>
        <line num="36" count="5" type="stmt"/>
        <line num="42" count="5" type="stmt"/>
        <line num="44" count="1" type="stmt"/>
        <line num="45" count="1" type="stmt"/>
        <line num="49" count="10" type="stmt"/>
      </file>
      <file name="soroban.js" path="C:\Users\pc\Documents\waves\Liquifact-backend\src\services\soroban.js">
        <metrics statements="29" coveredstatements="28" conditionals="32" coveredconditionals="24" methods="6" coveredmethods="6"/>
        <line num="21" count="10" type="stmt"/>
        <line num="32" count="10" type="stmt"/>
        <line num="41" count="1" type="stmt"/>
        <line num="55" count="1" type="stmt"/>
        <line num="56" count="1" type="stmt"/>
        <line num="57" count="1" type="stmt"/>
        <line num="58" count="1" type="stmt"/>
        <line num="59" count="1" type="stmt"/>
        <line num="70" count="8" type="cond" truecount="1" falsecount="1"/>
        <line num="73" count="8" type="cond" truecount="3" falsecount="1"/>
        <line num="76" count="8" type="cond" truecount="2" falsecount="2"/>
        <line num="77" count="8" type="cond" truecount="2" falsecount="2"/>
        <line num="80" count="8" type="cond" truecount="1" falsecount="1"/>
        <line num="81" count="8" type="cond" truecount="2" falsecount="0"/>
        <line num="82" count="7" type="cond" truecount="2" falsecount="0"/>
        <line num="83" count="4" type="cond" truecount="1" falsecount="1"/>
        <line num="85" count="4" type="stmt"/>
        <line num="101" count="7" type="stmt"/>
        <line num="102" count="7" type="stmt"/>
        <line num="105" count="7" type="stmt"/>
        <line num="106" count="8" type="stmt"/>
        <line num="107" count="8" type="stmt"/>
        <line num="109" count="2" type="stmt"/>
        <line num="110" count="2" type="cond" truecount="4" falsecount="0"/>
        <line num="112" count="1" type="stmt"/>
        <line num="113" count="1" type="stmt"/>
        <line num="117" count="0" type="stmt"/>
        <line num="129" count="7" type="stmt"/>
        <line num="132" count="10" type="stmt"/>
      </file>
    </package>
    <package name="src.utils">
      <metrics statements="95" coveredstatements="94" conditionals="91" coveredconditionals="86" methods="11" coveredmethods="11"/>
      <file name="asyncHandler.js" path="C:\Users\pc\Documents\waves\Liquifact-backend\src\utils\asyncHandler.js">
        <metrics statements="4" coveredstatements="4" conditionals="0" coveredconditionals="0" methods="2" coveredmethods="2"/>
        <line num="8" count="11" type="stmt"/>
        <line num="9" count="49" type="stmt"/>
        <line num="10" count="21" type="stmt"/>
        <line num="14" count="11" type="stmt"/>
      </file>
      <file name="problemDetails.js" path="C:\Users\pc\Documents\waves\Liquifact-backend\src\utils\problemDetails.js">
        <metrics statements="5" coveredstatements="5" conditionals="8" coveredconditionals="8" methods="1" coveredmethods="1"/>
        <line num="14" count="31" type="stmt"/>
        <line num="23" count="31" type="cond" truecount="4" falsecount="0"/>
        <line num="24" count="27" type="stmt"/>
        <line num="27" count="31" type="stmt"/>
        <line num="30" count="13" type="stmt"/>
      </file>
      <file name="queryBuilder.js" path="C:\Users\pc\Documents\waves\Liquifact-backend\src\utils\queryBuilder.js">
        <metrics statements="23" coveredstatements="23" conditionals="33" coveredconditionals="29" methods="2" coveredmethods="2"/>
        <line num="23" count="16" type="cond" truecount="2" falsecount="0"/>
        <line num="24" count="16" type="cond" truecount="1" falsecount="2"/>
        <line num="27" count="16" type="stmt"/>
        <line num="28" count="11" type="stmt"/>
        <line num="29" count="11" type="cond" truecount="5" falsecount="0"/>
        <line num="31" count="8" type="cond" truecount="2" falsecount="0"/>
        <line num="32" count="7" type="cond" truecount="2" falsecount="0"/>
        <line num="35" count="7" type="cond" truecount="2" falsecount="0"/>
        <line num="36" count="1" type="stmt"/>
        <line num="37" count="6" type="cond" truecount="2" falsecount="0"/>
        <line num="38" count="1" type="stmt"/>
        <line num="41" count="5" type="stmt"/>
        <line num="47" count="16" type="cond" truecount="1" falsecount="0"/>
        <line num="48" count="16" type="cond" truecount="4" falsecount="0"/>
        <line num="49" count="5" type="cond" truecount="2" falsecount="0"/>
        <line num="50" count="5" type="cond" truecount="2" falsecount="0"/>
        <line num="51" count="5" type="stmt"/>
        <line num="52" count="11" type="cond" truecount="2" falsecount="0"/>
        <line num="54" count="10" type="stmt"/>
        <line num="55" count="10" type="cond" truecount="2" falsecount="0"/>
        <line num="56" count="10" type="stmt"/>
        <line num="59" count="16" type="stmt"/>
        <line num="62" count="11" type="stmt"/>
      </file>
      <file name="responseHelper.js" path="C:\Users\pc\Documents\waves\Liquifact-backend\src\utils\responseHelper.js">
        <metrics statements="6" coveredstatements="6" conditionals="5" coveredconditionals="5" methods="2" coveredmethods="2"/>
        <line num="3" count="9" type="stmt"/>
        <line num="8" count="9" type="cond" truecount="1" falsecount="0"/>
        <line num="9" count="45" type="cond" truecount="2" falsecount="0"/>
        <line num="10" count="45" type="stmt"/>
        <line num="25" count="9" type="cond" truecount="2" falsecount="0"/>
        <line num="39" count="9" type="stmt"/>
      </file>
      <file name="retry.js" path="C:\Users\pc\Documents\waves\Liquifact-backend\src\utils\retry.js">
        <metrics statements="20" coveredstatements="20" conditionals="9" coveredconditionals="9" methods="3" coveredmethods="3"/>
        <line num="29" count="6" type="stmt"/>
        <line num="30" count="6" type="stmt"/>
        <line num="31" count="6" type="stmt"/>
        <line num="37" count="15" type="cond" truecount="1" falsecount="0"/>
        <line num="38" count="6" type="stmt"/>
        <line num="41" count="6" type="stmt"/>
        <line num="42" count="6" type="stmt"/>
        <line num="43" count="6" type="stmt"/>
        <line num="45" count="6" type="stmt"/>
        <line num="47" count="6" type="stmt"/>
        <line num="48" count="21" type="stmt"/>
        <line num="49" count="21" type="stmt"/>
        <line num="51" count="19" type="cond" truecount="4" falsecount="0"/>
        <line num="52" count="4" type="stmt"/>
        <line num="56" count="15" type="stmt"/>
        <line num="57" count="15" type="stmt"/>
        <line num="60" count="15" type="stmt"/>
        <line num="62" count="15" type="stmt"/>
        <line num="63" count="15" type="stmt"/>
        <line num="68" count="1" type="stmt"/>
      </file>
      <file name="validators.js" path="C:\Users\pc\Documents\waves\Liquifact-backend\src\utils\validators.js">
        <metrics statements="37" coveredstatements="36" conditionals="36" coveredconditionals="35" methods="1" coveredmethods="1"/>
        <line num="14" count="24" type="stmt"/>
        <line num="15" count="24" type="stmt"/>
        <line num="28" count="24" type="stmt"/>
        <line num="31" count="24" type="cond" truecount="2" falsecount="0"/>
        <line num="32" count="6" type="stmt"/>
        <line num="33" count="6" type="cond" truecount="2" falsecount="0"/>
        <line num="34" count="2" type="stmt"/>
        <line num="36" count="4" type="stmt"/>
        <line num="41" count="24" type="cond" truecount="2" falsecount="0"/>
        <line num="42" count="2" type="cond" truecount="3" falsecount="1"/>
        <line num="43" count="2" type="stmt"/>
        <line num="45" count="0" type="stmt"/>
        <line num="50" count="24" type="cond" truecount="2" falsecount="0"/>
        <line num="51" count="2" type="cond" truecount="4" falsecount="0"/>
        <line num="52" count="1" type="stmt"/>
        <line num="54" count="1" type="stmt"/>
        <line num="59" count="24" type="stmt"/>
        <line num="60" count="24" type="cond" truecount="2" falsecount="0"/>
        <line num="61" count="5" type="cond" truecount="4" falsecount="0"/>
        <line num="62" count="2" type="stmt"/>
        <line num="64" count="3" type="stmt"/>
        <line num="68" count="24" type="cond" truecount="2" falsecount="0"/>
        <line num="69" count="3" type="cond" truecount="4" falsecount="0"/>
        <line num="70" count="2" type="stmt"/>
        <line num="72" count="1" type="stmt"/>
        <line num="77" count="24" type="cond" truecount="2" falsecount="0"/>
        <line num="78" count="4" type="stmt"/>
        <line num="79" count="4" type="cond" truecount="2" falsecount="0"/>
        <line num="80" count="2" type="stmt"/>
        <line num="82" count="2" type="stmt"/>
        <line num="87" count="24" type="cond" truecount="2" falsecount="0"/>
        <line num="88" count="3" type="stmt"/>
        <line num="89" count="3" type="cond" truecount="2" falsecount="0"/>
        <line num="90" count="2" type="stmt"/>
        <line num="92" count="1" type="stmt"/>
        <line num="96" count="24" type="stmt"/>
        <line num="103" count="10" type="stmt"/>
      </file>
    </package>
  </project>
</coverage>
