{"C:\\Users\\pc\\Documents\\waves\\Liquifact-backend\\src\\app.js": {"path":"C:\\Users\\pc\\Documents\\waves\\Liquifact-backend\\src\\app.js","statementMap":{"0":{"start":{"line":3,"column":0},"end":{"line":3,"column":27}},"1":{"start":{"line":4,"column":16},"end":{"line":4,"column":34}},"2":{"start":{"line":5,"column":13},"end":{"line":5,"column":28}},"3":{"start":{"line":7,"column":44},"end":{"line":7,"column":77}},"4":{"start":{"line":8,"column":30},"end":{"line":8,"column":58}},"5":{"start":{"line":9,"column":46},"end":{"line":9,"column":78}},"6":{"start":{"line":10,"column":16},"end":{"line":10,"column":47}},"7":{"start":{"line":11,"column":37},"end":{"line":11,"column":69}},"8":{"start":{"line":12,"column":57},"end":{"line":12,"column":81}},"9":{"start":{"line":18,"column":4},"end":{"line":18,"column":42}},"10":{"start":{"line":19,"column":39},"end":{"line":19,"column":68}},"11":{"start":{"line":20,"column":23},"end":{"line":20,"column":60}},"12":{"start":{"line":21,"column":22},"end":{"line":21,"column":58}},"13":{"start":{"line":22,"column":20},"end":{"line":22,"column":53}},"14":{"start":{"line":24,"column":21},"end":{"line":24,"column":52}},"15":{"start":{"line":25,"column":17},"end":{"line":25,"column":45}},"16":{"start":{"line":26,"column":21},"end":{"line":26,"column":57}},"17":{"start":{"line":29,"column":14},"end":{"line":29,"column":23}},"18":{"start":{"line":30,"column":17},"end":{"line":30,"column":19}},"19":{"start":{"line":33,"column":2},"end":{"line":33,"column":38}},"20":{"start":{"line":34,"column":2},"end":{"line":34,"column":37}},"21":{"start":{"line":35,"column":2},"end":{"line":35,"column":30}},"22":{"start":{"line":36,"column":2},"end":{"line":36,"column":36}},"23":{"start":{"line":37,"column":2},"end":{"line":37,"column":25}},"24":{"start":{"line":42,"column":2},"end":{"line":48,"column":5}},"25":{"start":{"line":43,"column":4},"end":{"line":47,"column":8}},"26":{"start":{"line":50,"column":2},"end":{"line":60,"column":5}},"27":{"start":{"line":51,"column":4},"end":{"line":59,"column":8}},"28":{"start":{"line":65,"column":2},"end":{"line":82,"column":6}},"29":{"start":{"line":66,"column":14},"end":{"line":66,"column":51}},"30":{"start":{"line":67,"column":4},"end":{"line":74,"column":5}},"31":{"start":{"line":68,"column":6},"end":{"line":73,"column":9}},"32":{"start":{"line":77,"column":22},"end":{"line":77,"column":73}},"33":{"start":{"line":78,"column":27},"end":{"line":78,"column":62}},"34":{"start":{"line":79,"column":22},"end":{"line":79,"column":84}},"35":{"start":{"line":79,"column":71},"end":{"line":79,"column":83}},"36":{"start":{"line":81,"column":4},"end":{"line":81,"column":108}},"37":{"start":{"line":84,"column":2},"end":{"line":104,"column":4}},"38":{"start":{"line":91,"column":35},"end":{"line":91,"column":43}},"39":{"start":{"line":92,"column":25},"end":{"line":99,"column":7}},"40":{"start":{"line":101,"column":6},"end":{"line":101,"column":32}},"41":{"start":{"line":102,"column":6},"end":{"line":102,"column":55}},"42":{"start":{"line":106,"column":2},"end":{"line":119,"column":5}},"43":{"start":{"line":107,"column":19},"end":{"line":107,"column":29}},"44":{"start":{"line":108,"column":16},"end":{"line":108,"column":60}},"45":{"start":{"line":108,"column":40},"end":{"line":108,"column":59}},"46":{"start":{"line":109,"column":4},"end":{"line":116,"column":5}},"47":{"start":{"line":110,"column":6},"end":{"line":115,"column":9}},"48":{"start":{"line":117,"column":4},"end":{"line":117,"column":55}},"49":{"start":{"line":118,"column":4},"end":{"line":118,"column":44}},"50":{"start":{"line":124,"column":2},"end":{"line":132,"column":4}},"51":{"start":{"line":128,"column":28},"end":{"line":128,"column":38}},"52":{"start":{"line":129,"column":19},"end":{"line":129,"column":65}},"53":{"start":{"line":130,"column":6},"end":{"line":130,"column":97}},"54":{"start":{"line":137,"column":2},"end":{"line":139,"column":5}},"55":{"start":{"line":138,"column":4},"end":{"line":138,"column":39}},"56":{"start":{"line":141,"column":2},"end":{"line":143,"column":5}},"57":{"start":{"line":142,"column":4},"end":{"line":142,"column":27}},"58":{"start":{"line":146,"column":2},"end":{"line":153,"column":5}},"59":{"start":{"line":147,"column":4},"end":{"line":152,"column":8}},"60":{"start":{"line":155,"column":2},"end":{"line":158,"column":5}},"61":{"start":{"line":156,"column":4},"end":{"line":156,"column":92}},"62":{"start":{"line":156,"column":40},"end":{"line":156,"column":92}},"63":{"start":{"line":157,"column":4},"end":{"line":157,"column":14}},"64":{"start":{"line":160,"column":2},"end":{"line":160,"column":34}},"65":{"start":{"line":161,"column":2},"end":{"line":161,"column":24}},"66":{"start":{"line":164,"column":2},"end":{"line":164,"column":44}},"67":{"start":{"line":164,"column":27},"end":{"line":164,"column":41}},"68":{"start":{"line":166,"column":2},"end":{"line":166,"column":13}},"69":{"start":{"line":169,"column":19},"end":{"line":169,"column":30}},"70":{"start":{"line":170,"column":0},"end":{"line":170,"column":28}},"71":{"start":{"line":171,"column":0},"end":{"line":171,"column":37}}},"fnMap":{"0":{"name":"createApp","decl":{"start":{"line":28,"column":9},"end":{"line":28,"column":18}},"loc":{"start":{"line":28,"column":21},"end":{"line":167,"column":1}},"line":28},"1":{"name":"(anonymous_1)","decl":{"start":{"line":42,"column":21},"end":{"line":42,"column":22}},"loc":{"start":{"line":42,"column":35},"end":{"line":48,"column":3}},"line":42},"2":{"name":"(anonymous_2)","decl":{"start":{"line":50,"column":18},"end":{"line":50,"column":19}},"loc":{"start":{"line":50,"column":32},"end":{"line":60,"column":3}},"line":50},"3":{"name":"(anonymous_3)","decl":{"start":{"line":65,"column":93},"end":{"line":65,"column":94}},"loc":{"start":{"line":65,"column":113},"end":{"line":82,"column":3}},"line":65},"4":{"name":"(anonymous_4)","decl":{"start":{"line":79,"column":66},"end":{"line":79,"column":67}},"loc":{"start":{"line":79,"column":71},"end":{"line":79,"column":83}},"line":79},"5":{"name":"(anonymous_5)","decl":{"start":{"line":90,"column":4},"end":{"line":90,"column":5}},"loc":{"start":{"line":90,"column":18},"end":{"line":103,"column":5}},"line":90},"6":{"name":"(anonymous_6)","decl":{"start":{"line":106,"column":71},"end":{"line":106,"column":72}},"loc":{"start":{"line":106,"column":85},"end":{"line":119,"column":3}},"line":106},"7":{"name":"(anonymous_7)","decl":{"start":{"line":108,"column":35},"end":{"line":108,"column":36}},"loc":{"start":{"line":108,"column":40},"end":{"line":108,"column":59}},"line":108},"8":{"name":"(anonymous_8)","decl":{"start":{"line":127,"column":17},"end":{"line":127,"column":18}},"loc":{"start":{"line":127,"column":37},"end":{"line":131,"column":5}},"line":127},"9":{"name":"(anonymous_9)","decl":{"start":{"line":137,"column":26},"end":{"line":137,"column":27}},"loc":{"start":{"line":137,"column":46},"end":{"line":139,"column":3}},"line":137},"10":{"name":"(anonymous_10)","decl":{"start":{"line":141,"column":23},"end":{"line":141,"column":24}},"loc":{"start":{"line":141,"column":37},"end":{"line":143,"column":3}},"line":141},"11":{"name":"(anonymous_11)","decl":{"start":{"line":146,"column":10},"end":{"line":146,"column":11}},"loc":{"start":{"line":146,"column":30},"end":{"line":153,"column":3}},"line":146},"12":{"name":"(anonymous_12)","decl":{"start":{"line":155,"column":10},"end":{"line":155,"column":11}},"loc":{"start":{"line":155,"column":35},"end":{"line":158,"column":3}},"line":155},"13":{"name":"(anonymous_13)","decl":{"start":{"line":164,"column":19},"end":{"line":164,"column":20}},"loc":{"start":{"line":164,"column":25},"end":{"line":164,"column":43}},"line":164}},"branchMap":{"0":{"loc":{"start":{"line":67,"column":4},"end":{"line":74,"column":5}},"type":"if","locations":[{"start":{"line":67,"column":4},"end":{"line":74,"column":5}},{"start":{},"end":{}}],"line":67},"1":{"loc":{"start":{"line":79,"column":22},"end":{"line":79,"column":84}},"type":"cond-expr","locations":[{"start":{"line":79,"column":39},"end":{"line":79,"column":47}},{"start":{"line":79,"column":50},"end":{"line":79,"column":84}}],"line":79},"2":{"loc":{"start":{"line":95,"column":18},"end":{"line":95,"column":39}},"type":"binary-expr","locations":[{"start":{"line":95,"column":18},"end":{"line":95,"column":26}},{"start":{"line":95,"column":30},"end":{"line":95,"column":39}}],"line":95},"3":{"loc":{"start":{"line":109,"column":4},"end":{"line":116,"column":5}},"type":"if","locations":[{"start":{"line":109,"column":4},"end":{"line":116,"column":5}},{"start":{},"end":{}}],"line":109},"4":{"loc":{"start":{"line":156,"column":4},"end":{"line":156,"column":92}},"type":"if","locations":[{"start":{"line":156,"column":4},"end":{"line":156,"column":92}},{"start":{},"end":{}}],"line":156}},"s":{"0":9,"1":9,"2":9,"3":9,"4":9,"5":9,"6":9,"7":9,"8":9,"9":9,"10":9,"11":9,"12":9,"13":9,"14":9,"15":9,"16":9,"17":22,"18":22,"19":22,"20":22,"21":22,"22":22,"23":22,"24":22,"25":10,"26":22,"27":3,"28":22,"29":12,"30":12,"31":3,"32":9,"33":8,"34":8,"35":3,"36":8,"37":22,"38":17,"39":17,"40":17,"41":17,"42":22,"43":1,"44":1,"45":1,"46":1,"47":0,"48":1,"49":1,"50":22,"51":4,"52":4,"53":4,"54":22,"55":3,"56":22,"57":0,"58":22,"59":5,"60":22,"61":26,"62":1,"63":25,"64":22,"65":22,"66":22,"67":7,"68":22,"69":9,"70":9,"71":9},"f":{"0":22,"1":10,"2":3,"3":12,"4":3,"5":17,"6":1,"7":1,"8":4,"9":3,"10":0,"11":5,"12":26,"13":7},"b":{"0":[3,9],"1":[0,8],"2":[17,1],"3":[0,1],"4":[1,25]},"_coverageSchema":"1a1c01bbd47fc00a2c39e90264f33305004495a9","hash":"efa886d925597523eb057602ffd87ac2b3654ed7"}
,"C:\\Users\\pc\\Documents\\waves\\Liquifact-backend\\src\\index.js": {"path":"C:\\Users\\pc\\Documents\\waves\\Liquifact-backend\\src\\index.js","statementMap":{"0":{"start":{"line":7,"column":0},"end":{"line":7,"column":27}},"1":{"start":{"line":8,"column":12},"end":{"line":8,"column":28}},"2":{"start":{"line":10,"column":13},"end":{"line":10,"column":37}},"3":{"start":{"line":20,"column":0},"end":{"line":23,"column":1}},"4":{"start":{"line":30,"column":0},"end":{"line":30,"column":21}}},"fnMap":{},"branchMap":{"0":{"loc":{"start":{"line":10,"column":13},"end":{"line":10,"column":37}},"type":"binary-expr","locations":[{"start":{"line":10,"column":13},"end":{"line":10,"column":29}},{"start":{"line":10,"column":33},"end":{"line":10,"column":37}}],"line":10},"1":{"loc":{"start":{"line":20,"column":0},"end":{"line":23,"column":1}},"type":"if","locations":[{"start":{"line":20,"column":0},"end":{"line":23,"column":1}},{"start":{},"end":{}}],"line":20}},"s":{"0":3,"1":3,"2":3,"3":3,"4":3},"f":{},"b":{"0":[3,3],"1":[0,3]},"_coverageSchema":"1a1c01bbd47fc00a2c39e90264f33305004495a9","hash":"d5892be5c04a6758cba95065a99cf6996e8c7661"}
,"C:\\Users\\pc\\Documents\\waves\\Liquifact-backend\\src\\config\\cors.js": {"path":"C:\\Users\\pc\\Documents\\waves\\Liquifact-backend\\src\\config\\cors.js","statementMap":{"0":{"start":{"line":7,"column":28},"end":{"line":13,"column":1}},"1":{"start":{"line":15,"column":31},"end":{"line":15,"column":111}},"2":{"start":{"line":22,"column":2},"end":{"line":22,"column":43}},"3":{"start":{"line":22,"column":33},"end":{"line":22,"column":43}},"4":{"start":{"line":23,"column":2},"end":{"line":30,"column":4}},"5":{"start":{"line":27,"column":20},"end":{"line":27,"column":28}},"6":{"start":{"line":37,"column":18},"end":{"line":37,"column":63}},"7":{"start":{"line":38,"column":2},"end":{"line":38,"column":41}},"8":{"start":{"line":38,"column":26},"end":{"line":38,"column":41}},"9":{"start":{"line":40,"column":2},"end":{"line":40,"column":65}},"10":{"start":{"line":40,"column":38},"end":{"line":40,"column":65}},"11":{"start":{"line":42,"column":2},"end":{"line":42,"column":12}},"12":{"start":{"line":49,"column":14},"end":{"line":49,"column":47}},"13":{"start":{"line":50,"column":2},"end":{"line":50,"column":34}},"14":{"start":{"line":51,"column":2},"end":{"line":51,"column":19}},"15":{"start":{"line":52,"column":2},"end":{"line":52,"column":13}},"16":{"start":{"line":59,"column":2},"end":{"line":59,"column":58}},"17":{"start":{"line":66,"column":20},"end":{"line":66,"column":49}},"18":{"start":{"line":68,"column":2},"end":{"line":81,"column":4}},"19":{"start":{"line":70,"column":6},"end":{"line":72,"column":7}},"20":{"start":{"line":71,"column":8},"end":{"line":71,"column":36}},"21":{"start":{"line":74,"column":6},"end":{"line":76,"column":7}},"22":{"start":{"line":75,"column":8},"end":{"line":75,"column":36}},"23":{"start":{"line":78,"column":6},"end":{"line":78,"column":56}},"24":{"start":{"line":84,"column":0},"end":{"line":95,"column":2}},"25":{"start":{"line":89,"column":39},"end":{"line":89,"column":58}},"26":{"start":{"line":93,"column":29},"end":{"line":93,"column":58}}},"fnMap":{"0":{"name":"parseAllowedOrigins","decl":{"start":{"line":21,"column":9},"end":{"line":21,"column":28}},"loc":{"start":{"line":21,"column":34},"end":{"line":31,"column":1}},"line":21},"1":{"name":"(anonymous_1)","decl":{"start":{"line":27,"column":13},"end":{"line":27,"column":14}},"loc":{"start":{"line":27,"column":20},"end":{"line":27,"column":28}},"line":27},"2":{"name":"getAllowedOriginsFromEnv","decl":{"start":{"line":36,"column":9},"end":{"line":36,"column":33}},"loc":{"start":{"line":36,"column":53},"end":{"line":43,"column":1}},"line":36},"3":{"name":"createCorsRejectionError","decl":{"start":{"line":48,"column":9},"end":{"line":48,"column":33}},"loc":{"start":{"line":48,"column":36},"end":{"line":53,"column":1}},"line":48},"4":{"name":"isCorsOriginRejectedError","decl":{"start":{"line":58,"column":9},"end":{"line":58,"column":34}},"loc":{"start":{"line":58,"column":40},"end":{"line":60,"column":1}},"line":58},"5":{"name":"createCorsOptions","decl":{"start":{"line":65,"column":9},"end":{"line":65,"column":26}},"loc":{"start":{"line":65,"column":46},"end":{"line":82,"column":1}},"line":65},"6":{"name":"(anonymous_6)","decl":{"start":{"line":69,"column":4},"end":{"line":69,"column":5}},"loc":{"start":{"line":69,"column":29},"end":{"line":79,"column":5}},"line":69},"7":{"name":"(anonymous_7)","decl":{"start":{"line":89,"column":33},"end":{"line":89,"column":34}},"loc":{"start":{"line":89,"column":39},"end":{"line":89,"column":58}},"line":89},"8":{"name":"(anonymous_8)","decl":{"start":{"line":93,"column":20},"end":{"line":93,"column":21}},"loc":{"start":{"line":93,"column":29},"end":{"line":93,"column":58}},"line":93}},"branchMap":{"0":{"loc":{"start":{"line":22,"column":2},"end":{"line":22,"column":43}},"type":"if","locations":[{"start":{"line":22,"column":2},"end":{"line":22,"column":43}},{"start":{},"end":{}}],"line":22},"1":{"loc":{"start":{"line":22,"column":6},"end":{"line":22,"column":31}},"type":"binary-expr","locations":[{"start":{"line":22,"column":6},"end":{"line":22,"column":10}},{"start":{"line":22,"column":14},"end":{"line":22,"column":31}}],"line":22},"2":{"loc":{"start":{"line":36,"column":34},"end":{"line":36,"column":51}},"type":"default-arg","locations":[{"start":{"line":36,"column":40},"end":{"line":36,"column":51}}],"line":36},"3":{"loc":{"start":{"line":38,"column":2},"end":{"line":38,"column":41}},"type":"if","locations":[{"start":{"line":38,"column":2},"end":{"line":38,"column":41}},{"start":{},"end":{}}],"line":38},"4":{"loc":{"start":{"line":40,"column":2},"end":{"line":40,"column":65}},"type":"if","locations":[{"start":{"line":40,"column":2},"end":{"line":40,"column":65}},{"start":{},"end":{}}],"line":40},"5":{"loc":{"start":{"line":59,"column":9},"end":{"line":59,"column":57}},"type":"binary-expr","locations":[{"start":{"line":59,"column":9},"end":{"line":59,"column":20}},{"start":{"line":59,"column":24},"end":{"line":59,"column":57}}],"line":59},"6":{"loc":{"start":{"line":65,"column":27},"end":{"line":65,"column":44}},"type":"default-arg","locations":[{"start":{"line":65,"column":33},"end":{"line":65,"column":44}}],"line":65},"7":{"loc":{"start":{"line":70,"column":6},"end":{"line":72,"column":7}},"type":"if","locations":[{"start":{"line":70,"column":6},"end":{"line":72,"column":7}},{"start":{},"end":{}}],"line":70},"8":{"loc":{"start":{"line":74,"column":6},"end":{"line":76,"column":7}},"type":"if","locations":[{"start":{"line":74,"column":6},"end":{"line":76,"column":7}},{"start":{},"end":{}}],"line":74},"9":{"loc":{"start":{"line":74,"column":10},"end":{"line":74,"column":60}},"type":"binary-expr","locations":[{"start":{"line":74,"column":10},"end":{"line":74,"column":30}},{"start":{"line":74,"column":34},"end":{"line":74,"column":60}}],"line":74}},"s":{"0":10,"1":10,"2":30,"3":25,"4":5,"5":11,"6":27,"7":27,"8":3,"9":24,"10":1,"11":23,"12":3,"13":3,"14":3,"15":3,"16":30,"17":24,"18":24,"19":72,"20":70,"21":2,"22":0,"23":2,"24":10,"25":1,"26":0},"f":{"0":30,"1":11,"2":27,"3":3,"4":30,"5":24,"6":72,"7":1,"8":0},"b":{"0":[25,5],"1":[30,5],"2":[0],"3":[3,24],"4":[1,23],"5":[30,30],"6":[22],"7":[70,2],"8":[0,2],"9":[2,1]},"_coverageSchema":"1a1c01bbd47fc00a2c39e90264f33305004495a9","hash":"238437cb54c56deed02c1928cc98a9c57638b25d"}
,"C:\\Users\\pc\\Documents\\waves\\Liquifact-backend\\src\\errors\\AppError.js": {"path":"C:\\Users\\pc\\Documents\\waves\\Liquifact-backend\\src\\errors\\AppError.js","statementMap":{"0":{"start":{"line":15,"column":4},"end":{"line":15,"column":17}},"1":{"start":{"line":16,"column":4},"end":{"line":16,"column":38}},"2":{"start":{"line":17,"column":4},"end":{"line":17,"column":38}},"3":{"start":{"line":18,"column":4},"end":{"line":18,"column":23}},"4":{"start":{"line":19,"column":4},"end":{"line":19,"column":32}},"5":{"start":{"line":20,"column":4},"end":{"line":20,"column":25}},"6":{"start":{"line":21,"column":4},"end":{"line":21,"column":29}},"7":{"start":{"line":24,"column":4},"end":{"line":24,"column":52}},"8":{"start":{"line":28,"column":0},"end":{"line":28,"column":26}}},"fnMap":{"0":{"name":"(anonymous_0)","decl":{"start":{"line":14,"column":2},"end":{"line":14,"column":3}},"loc":{"start":{"line":14,"column":57},"end":{"line":25,"column":3}},"line":14}},"branchMap":{"0":{"loc":{"start":{"line":17,"column":16},"end":{"line":17,"column":37}},"type":"binary-expr","locations":[{"start":{"line":17,"column":16},"end":{"line":17,"column":20}},{"start":{"line":17,"column":24},"end":{"line":17,"column":37}}],"line":17},"1":{"loc":{"start":{"line":19,"column":18},"end":{"line":19,"column":31}},"type":"binary-expr","locations":[{"start":{"line":19,"column":18},"end":{"line":19,"column":24}},{"start":{"line":19,"column":28},"end":{"line":19,"column":31}}],"line":19}},"s":{"0":22,"1":22,"2":22,"3":22,"4":22,"5":22,"6":22,"7":22,"8":14},"f":{"0":22},"b":{"0":[22,2],"1":[22,2]},"_coverageSchema":"1a1c01bbd47fc00a2c39e90264f33305004495a9","hash":"45af0d4bc28088f7122c3a9eee2544d33610feb6"}
,"C:\\Users\\pc\\Documents\\waves\\Liquifact-backend\\src\\middleware\\auth.js": {"path":"C:\\Users\\pc\\Documents\\waves\\Liquifact-backend\\src\\middleware\\auth.js","statementMap":{"0":{"start":{"line":9,"column":12},"end":{"line":9,"column":35}},"1":{"start":{"line":10,"column":17},"end":{"line":10,"column":46}},"2":{"start":{"line":22,"column":26},"end":{"line":69,"column":1}},"3":{"start":{"line":23,"column":21},"end":{"line":23,"column":49}},"4":{"start":{"line":25,"column":2},"end":{"line":32,"column":3}},"5":{"start":{"line":26,"column":4},"end":{"line":31,"column":8}},"6":{"start":{"line":34,"column":21},"end":{"line":34,"column":42}},"7":{"start":{"line":36,"column":2},"end":{"line":43,"column":3}},"8":{"start":{"line":37,"column":4},"end":{"line":42,"column":8}},"9":{"start":{"line":45,"column":16},"end":{"line":45,"column":29}},"10":{"start":{"line":46,"column":17},"end":{"line":46,"column":56}},"11":{"start":{"line":48,"column":2},"end":{"line":68,"column":5}},"12":{"start":{"line":49,"column":4},"end":{"line":64,"column":5}},"13":{"start":{"line":50,"column":6},"end":{"line":57,"column":7}},"14":{"start":{"line":51,"column":8},"end":{"line":56,"column":12}},"15":{"start":{"line":58,"column":6},"end":{"line":63,"column":10}},"16":{"start":{"line":66,"column":4},"end":{"line":66,"column":23}},"17":{"start":{"line":67,"column":4},"end":{"line":67,"column":11}},"18":{"start":{"line":71,"column":0},"end":{"line":71,"column":39}}},"fnMap":{"0":{"name":"(anonymous_0)","decl":{"start":{"line":22,"column":26},"end":{"line":22,"column":27}},"loc":{"start":{"line":22,"column":46},"end":{"line":69,"column":1}},"line":22},"1":{"name":"(anonymous_1)","decl":{"start":{"line":48,"column":28},"end":{"line":48,"column":29}},"loc":{"start":{"line":48,"column":46},"end":{"line":68,"column":3}},"line":48}},"branchMap":{"0":{"loc":{"start":{"line":25,"column":2},"end":{"line":32,"column":3}},"type":"if","locations":[{"start":{"line":25,"column":2},"end":{"line":32,"column":3}},{"start":{},"end":{}}],"line":25},"1":{"loc":{"start":{"line":36,"column":2},"end":{"line":43,"column":3}},"type":"if","locations":[{"start":{"line":36,"column":2},"end":{"line":43,"column":3}},{"start":{},"end":{}}],"line":36},"2":{"loc":{"start":{"line":36,"column":6},"end":{"line":36,"column":59}},"type":"binary-expr","locations":[{"start":{"line":36,"column":6},"end":{"line":36,"column":29}},{"start":{"line":36,"column":33},"end":{"line":36,"column":59}}],"line":36},"3":{"loc":{"start":{"line":46,"column":17},"end":{"line":46,"column":56}},"type":"binary-expr","locations":[{"start":{"line":46,"column":17},"end":{"line":46,"column":39}},{"start":{"line":46,"column":43},"end":{"line":46,"column":56}}],"line":46},"4":{"loc":{"start":{"line":49,"column":4},"end":{"line":64,"column":5}},"type":"if","locations":[{"start":{"line":49,"column":4},"end":{"line":64,"column":5}},{"start":{},"end":{}}],"line":49},"5":{"loc":{"start":{"line":50,"column":6},"end":{"line":57,"column":7}},"type":"if","locations":[{"start":{"line":50,"column":6},"end":{"line":57,"column":7}},{"start":{},"end":{}}],"line":50}},"s":{"0":9,"1":9,"2":9,"3":31,"4":31,"5":3,"6":28,"7":28,"8":2,"9":26,"10":26,"11":26,"12":26,"13":2,"14":1,"15":1,"16":24,"17":24,"18":9},"f":{"0":31,"1":26},"b":{"0":[3,28],"1":[2,26],"2":[28,27],"3":[26,26],"4":[2,24],"5":[1,1]},"_coverageSchema":"1a1c01bbd47fc00a2c39e90264f33305004495a9","hash":"ee98eb5bd1f288c53d693b8f5d681bf48639aee7"}
,"C:\\Users\\pc\\Documents\\waves\\Liquifact-backend\\src\\middleware\\bodySizeLimits.js": {"path":"C:\\Users\\pc\\Documents\\waves\\Liquifact-backend\\src\\middleware\\bodySizeLimits.js","statementMap":{"0":{"start":{"line":13,"column":16},"end":{"line":13,"column":34}},"1":{"start":{"line":25,"column":23},"end":{"line":30,"column":1}},"2":{"start":{"line":51,"column":2},"end":{"line":53,"column":3}},"3":{"start":{"line":52,"column":4},"end":{"line":52,"column":62}},"4":{"start":{"line":55,"column":16},"end":{"line":55,"column":74}},"5":{"start":{"line":56,"column":2},"end":{"line":58,"column":3}},"6":{"start":{"line":57,"column":4},"end":{"line":57,"column":67}},"7":{"start":{"line":60,"column":16},"end":{"line":60,"column":36}},"8":{"start":{"line":61,"column":15},"end":{"line":61,"column":46}},"9":{"start":{"line":63,"column":22},"end":{"line":63,"column":70}},"10":{"start":{"line":64,"column":2},"end":{"line":64,"column":47}},"11":{"start":{"line":76,"column":2},"end":{"line":81,"column":5}},"12":{"start":{"line":98,"column":24},"end":{"line":98,"column":52}},"13":{"start":{"line":99,"column":19},"end":{"line":99,"column":43}},"14":{"start":{"line":101,"column":2},"end":{"line":118,"column":4}},"15":{"start":{"line":112,"column":28},"end":{"line":112,"column":78}},"16":{"start":{"line":113,"column":6},"end":{"line":115,"column":7}},"17":{"start":{"line":114,"column":8},"end":{"line":114,"column":60}},"18":{"start":{"line":116,"column":6},"end":{"line":116,"column":13}},"19":{"start":{"line":131,"column":24},"end":{"line":131,"column":58}},"20":{"start":{"line":132,"column":19},"end":{"line":132,"column":43}},"21":{"start":{"line":134,"column":2},"end":{"line":151,"column":4}},"22":{"start":{"line":145,"column":28},"end":{"line":145,"column":78}},"23":{"start":{"line":146,"column":6},"end":{"line":148,"column":7}},"24":{"start":{"line":147,"column":8},"end":{"line":147,"column":60}},"25":{"start":{"line":149,"column":6},"end":{"line":149,"column":13}},"26":{"start":{"line":170,"column":2},"end":{"line":176,"column":3}},"27":{"start":{"line":171,"column":4},"end":{"line":175,"column":7}},"28":{"start":{"line":177,"column":2},"end":{"line":177,"column":12}},"29":{"start":{"line":193,"column":2},"end":{"line":193,"column":56}},"30":{"start":{"line":196,"column":0},"end":{"line":203,"column":2}}},"fnMap":{"0":{"name":"parseSize","decl":{"start":{"line":50,"column":9},"end":{"line":50,"column":18}},"loc":{"start":{"line":50,"column":28},"end":{"line":65,"column":1}},"line":50},"1":{"name":"sendPayloadTooLarge","decl":{"start":{"line":75,"column":9},"end":{"line":75,"column":28}},"loc":{"start":{"line":75,"column":46},"end":{"line":82,"column":1}},"line":75},"2":{"name":"jsonBodyLimit","decl":{"start":{"line":97,"column":9},"end":{"line":97,"column":22}},"loc":{"start":{"line":97,"column":30},"end":{"line":119,"column":1}},"line":97},"3":{"name":"jsonSizeGuard","decl":{"start":{"line":111,"column":13},"end":{"line":111,"column":26}},"loc":{"start":{"line":111,"column":43},"end":{"line":117,"column":5}},"line":111},"4":{"name":"urlencodedBodyLimit","decl":{"start":{"line":130,"column":9},"end":{"line":130,"column":28}},"loc":{"start":{"line":130,"column":36},"end":{"line":152,"column":1}},"line":130},"5":{"name":"urlencodedSizeGuard","decl":{"start":{"line":144,"column":13},"end":{"line":144,"column":32}},"loc":{"start":{"line":144,"column":49},"end":{"line":150,"column":5}},"line":144},"6":{"name":"payloadTooLargeHandler","decl":{"start":{"line":169,"column":9},"end":{"line":169,"column":31}},"loc":{"start":{"line":169,"column":53},"end":{"line":178,"column":1}},"line":169},"7":{"name":"invoiceBodyLimit","decl":{"start":{"line":192,"column":9},"end":{"line":192,"column":25}},"loc":{"start":{"line":192,"column":33},"end":{"line":194,"column":1}},"line":192}},"branchMap":{"0":{"loc":{"start":{"line":26,"column":14},"end":{"line":26,"column":59}},"type":"binary-expr","locations":[{"start":{"line":26,"column":14},"end":{"line":26,"column":41}},{"start":{"line":26,"column":52},"end":{"line":26,"column":59}}],"line":26},"1":{"loc":{"start":{"line":27,"column":14},"end":{"line":27,"column":58}},"type":"binary-expr","locations":[{"start":{"line":27,"column":14},"end":{"line":27,"column":47}},{"start":{"line":27,"column":52},"end":{"line":27,"column":58}}],"line":27},"2":{"loc":{"start":{"line":28,"column":14},"end":{"line":28,"column":57}},"type":"binary-expr","locations":[{"start":{"line":28,"column":14},"end":{"line":28,"column":40}},{"start":{"line":28,"column":52},"end":{"line":28,"column":57}}],"line":28},"3":{"loc":{"start":{"line":29,"column":14},"end":{"line":29,"column":59}},"type":"binary-expr","locations":[{"start":{"line":29,"column":14},"end":{"line":29,"column":44}},{"start":{"line":29,"column":52},"end":{"line":29,"column":59}}],"line":29},"4":{"loc":{"start":{"line":51,"column":2},"end":{"line":53,"column":3}},"type":"if","locations":[{"start":{"line":51,"column":2},"end":{"line":53,"column":3}},{"start":{},"end":{}}],"line":51},"5":{"loc":{"start":{"line":51,"column":6},"end":{"line":51,"column":58}},"type":"binary-expr","locations":[{"start":{"line":51,"column":6},"end":{"line":51,"column":33}},{"start":{"line":51,"column":37},"end":{"line":51,"column":58}}],"line":51},"6":{"loc":{"start":{"line":56,"column":2},"end":{"line":58,"column":3}},"type":"if","locations":[{"start":{"line":56,"column":2},"end":{"line":58,"column":3}},{"start":{},"end":{}}],"line":56},"7":{"loc":{"start":{"line":61,"column":16},"end":{"line":61,"column":31}},"type":"binary-expr","locations":[{"start":{"line":61,"column":16},"end":{"line":61,"column":24}},{"start":{"line":61,"column":28},"end":{"line":61,"column":31}}],"line":61},"8":{"loc":{"start":{"line":98,"column":24},"end":{"line":98,"column":52}},"type":"binary-expr","locations":[{"start":{"line":98,"column":24},"end":{"line":98,"column":29}},{"start":{"line":98,"column":33},"end":{"line":98,"column":52}}],"line":98},"9":{"loc":{"start":{"line":112,"column":37},"end":{"line":112,"column":73}},"type":"binary-expr","locations":[{"start":{"line":112,"column":37},"end":{"line":112,"column":66}},{"start":{"line":112,"column":70},"end":{"line":112,"column":73}}],"line":112},"10":{"loc":{"start":{"line":113,"column":6},"end":{"line":115,"column":7}},"type":"if","locations":[{"start":{"line":113,"column":6},"end":{"line":115,"column":7}},{"start":{},"end":{}}],"line":113},"11":{"loc":{"start":{"line":113,"column":10},"end":{"line":113,"column":59}},"type":"binary-expr","locations":[{"start":{"line":113,"column":10},"end":{"line":113,"column":31}},{"start":{"line":113,"column":35},"end":{"line":113,"column":59}}],"line":113},"12":{"loc":{"start":{"line":131,"column":24},"end":{"line":131,"column":58}},"type":"binary-expr","locations":[{"start":{"line":131,"column":24},"end":{"line":131,"column":29}},{"start":{"line":131,"column":33},"end":{"line":131,"column":58}}],"line":131},"13":{"loc":{"start":{"line":145,"column":37},"end":{"line":145,"column":73}},"type":"binary-expr","locations":[{"start":{"line":145,"column":37},"end":{"line":145,"column":66}},{"start":{"line":145,"column":70},"end":{"line":145,"column":73}}],"line":145},"14":{"loc":{"start":{"line":146,"column":6},"end":{"line":148,"column":7}},"type":"if","locations":[{"start":{"line":146,"column":6},"end":{"line":148,"column":7}},{"start":{},"end":{}}],"line":146},"15":{"loc":{"start":{"line":146,"column":10},"end":{"line":146,"column":59}},"type":"binary-expr","locations":[{"start":{"line":146,"column":10},"end":{"line":146,"column":31}},{"start":{"line":146,"column":35},"end":{"line":146,"column":59}}],"line":146},"16":{"loc":{"start":{"line":170,"column":2},"end":{"line":176,"column":3}},"type":"if","locations":[{"start":{"line":170,"column":2},"end":{"line":176,"column":3}},{"start":{},"end":{}}],"line":170},"17":{"loc":{"start":{"line":193,"column":23},"end":{"line":193,"column":54}},"type":"binary-expr","locations":[{"start":{"line":193,"column":23},"end":{"line":193,"column":28}},{"start":{"line":193,"column":32},"end":{"line":193,"column":54}}],"line":193}},"s":{"0":9,"1":9,"2":91,"3":6,"4":85,"5":85,"6":3,"7":82,"8":82,"9":82,"10":82,"11":0,"12":45,"13":45,"14":45,"15":90,"16":90,"17":0,"18":90,"19":22,"20":22,"21":22,"22":65,"23":65,"24":0,"25":65,"26":25,"27":3,"28":22,"29":22,"30":9},"f":{"0":91,"1":0,"2":45,"3":90,"4":22,"5":65,"6":25,"7":22},"b":{"0":[9,9],"1":[9,9],"2":[9,9],"3":[9,9],"4":[6,85],"5":[91,87],"6":[3,82],"7":[82,1],"8":[45,22],"9":[90,40],"10":[0,90],"11":[90,90],"12":[22,22],"13":[65,40],"14":[0,65],"15":[65,65],"16":[3,22],"17":[22,22]},"_coverageSchema":"1a1c01bbd47fc00a2c39e90264f33305004495a9","hash":"1f5c8930684f7d0494f5082be159888fe7133089"}
,"C:\\Users\\pc\\Documents\\waves\\Liquifact-backend\\src\\middleware\\deprecation.js": {"path":"C:\\Users\\pc\\Documents\\waves\\Liquifact-backend\\src\\middleware\\deprecation.js","statementMap":{"0":{"start":{"line":9,"column":18},"end":{"line":29,"column":1}},"1":{"start":{"line":10,"column":2},"end":{"line":28,"column":4}},"2":{"start":{"line":12,"column":4},"end":{"line":12,"column":41}},"3":{"start":{"line":14,"column":4},"end":{"line":20,"column":5}},"4":{"start":{"line":15,"column":25},"end":{"line":15,"column":49}},"5":{"start":{"line":17,"column":6},"end":{"line":19,"column":7}},"6":{"start":{"line":18,"column":8},"end":{"line":18,"column":58}},"7":{"start":{"line":22,"column":4},"end":{"line":25,"column":5}},"8":{"start":{"line":24,"column":6},"end":{"line":24,"column":68}},"9":{"start":{"line":27,"column":4},"end":{"line":27,"column":11}},"10":{"start":{"line":31,"column":0},"end":{"line":31,"column":31}}},"fnMap":{"0":{"name":"(anonymous_0)","decl":{"start":{"line":9,"column":18},"end":{"line":9,"column":19}},"loc":{"start":{"line":9,"column":36},"end":{"line":29,"column":1}},"line":9},"1":{"name":"(anonymous_1)","decl":{"start":{"line":10,"column":9},"end":{"line":10,"column":10}},"loc":{"start":{"line":10,"column":29},"end":{"line":28,"column":3}},"line":10}},"branchMap":{"0":{"loc":{"start":{"line":9,"column":19},"end":{"line":9,"column":31}},"type":"default-arg","locations":[{"start":{"line":9,"column":29},"end":{"line":9,"column":31}}],"line":9},"1":{"loc":{"start":{"line":14,"column":4},"end":{"line":20,"column":5}},"type":"if","locations":[{"start":{"line":14,"column":4},"end":{"line":20,"column":5}},{"start":{},"end":{}}],"line":14},"2":{"loc":{"start":{"line":17,"column":6},"end":{"line":19,"column":7}},"type":"if","locations":[{"start":{"line":17,"column":6},"end":{"line":19,"column":7}},{"start":{},"end":{}}],"line":17},"3":{"loc":{"start":{"line":22,"column":4},"end":{"line":25,"column":5}},"type":"if","locations":[{"start":{"line":22,"column":4},"end":{"line":25,"column":5}},{"start":{},"end":{}}],"line":22}},"s":{"0":1,"1":1,"2":3,"3":3,"4":3,"5":3,"6":3,"7":3,"8":3,"9":3,"10":1},"f":{"0":1,"1":3},"b":{"0":[0],"1":[3,0],"2":[3,0],"3":[3,0]},"_coverageSchema":"1a1c01bbd47fc00a2c39e90264f33305004495a9","hash":"2f24a1e6b2343f41bbc6c6933bc0d387f870ab3d"}
,"C:\\Users\\pc\\Documents\\waves\\Liquifact-backend\\src\\middleware\\errorHandler.js": {"path":"C:\\Users\\pc\\Documents\\waves\\Liquifact-backend\\src\\middleware\\errorHandler.js","statementMap":{"0":{"start":{"line":3,"column":17},"end":{"line":3,"column":46}},"1":{"start":{"line":4,"column":29},"end":{"line":4,"column":63}},"2":{"start":{"line":17,"column":17},"end":{"line":17,"column":52}},"3":{"start":{"line":21,"column":2},"end":{"line":46,"column":3}},"4":{"start":{"line":22,"column":4},"end":{"line":29,"column":7}},"5":{"start":{"line":32,"column":4},"end":{"line":34,"column":5}},"6":{"start":{"line":33,"column":6},"end":{"line":33,"column":45}},"7":{"start":{"line":36,"column":4},"end":{"line":45,"column":7}},"8":{"start":{"line":50,"column":2},"end":{"line":50,"column":22}},"9":{"start":{"line":51,"column":2},"end":{"line":54,"column":4}},"10":{"start":{"line":57,"column":2},"end":{"line":61,"column":4}},"11":{"start":{"line":64,"column":2},"end":{"line":64,"column":57}},"12":{"start":{"line":66,"column":2},"end":{"line":66,"column":42}},"13":{"start":{"line":69,"column":0},"end":{"line":69,"column":30}}},"fnMap":{"0":{"name":"errorHandler","decl":{"start":{"line":10,"column":9},"end":{"line":10,"column":21}},"loc":{"start":{"line":10,"column":44},"end":{"line":67,"column":1}},"line":10}},"branchMap":{"0":{"loc":{"start":{"line":17,"column":17},"end":{"line":17,"column":52}},"type":"binary-expr","locations":[{"start":{"line":17,"column":17},"end":{"line":17,"column":27}},{"start":{"line":17,"column":31},"end":{"line":17,"column":45}},{"start":{"line":17,"column":49},"end":{"line":17,"column":52}}],"line":17},"1":{"loc":{"start":{"line":21,"column":2},"end":{"line":46,"column":3}},"type":"if","locations":[{"start":{"line":21,"column":2},"end":{"line":46,"column":3}},{"start":{"line":30,"column":9},"end":{"line":46,"column":3}}],"line":21},"2":{"loc":{"start":{"line":27,"column":16},"end":{"line":27,"column":47}},"type":"binary-expr","locations":[{"start":{"line":27,"column":16},"end":{"line":27,"column":28}},{"start":{"line":27,"column":32},"end":{"line":27,"column":47}}],"line":27},"3":{"loc":{"start":{"line":32,"column":4},"end":{"line":34,"column":5}},"type":"if","locations":[{"start":{"line":32,"column":4},"end":{"line":34,"column":5}},{"start":{},"end":{}}],"line":32},"4":{"loc":{"start":{"line":38,"column":13},"end":{"line":38,"column":77}},"type":"cond-expr","locations":[{"start":{"line":38,"column":30},"end":{"line":38,"column":53}},{"start":{"line":38,"column":57},"end":{"line":38,"column":76}}],"line":38},"5":{"loc":{"start":{"line":38,"column":57},"end":{"line":38,"column":76}},"type":"binary-expr","locations":[{"start":{"line":38,"column":57},"end":{"line":38,"column":65}},{"start":{"line":38,"column":69},"end":{"line":38,"column":76}}],"line":38},"6":{"loc":{"start":{"line":40,"column":14},"end":{"line":42,"column":79}},"type":"cond-expr","locations":[{"start":{"line":41,"column":10},"end":{"line":41,"column":71}},{"start":{"line":42,"column":11},"end":{"line":42,"column":78}}],"line":40},"7":{"loc":{"start":{"line":40,"column":15},"end":{"line":40,"column":70}},"type":"binary-expr","locations":[{"start":{"line":40,"column":15},"end":{"line":40,"column":29}},{"start":{"line":40,"column":33},"end":{"line":40,"column":70}}],"line":40},"8":{"loc":{"start":{"line":42,"column":11},"end":{"line":42,"column":78}},"type":"cond-expr","locations":[{"start":{"line":42,"column":28},"end":{"line":42,"column":42}},{"start":{"line":42,"column":46},"end":{"line":42,"column":77}}],"line":42},"9":{"loc":{"start":{"line":42,"column":46},"end":{"line":42,"column":77}},"type":"binary-expr","locations":[{"start":{"line":42,"column":46},"end":{"line":42,"column":57}},{"start":{"line":42,"column":61},"end":{"line":42,"column":77}}],"line":42},"10":{"loc":{"start":{"line":59,"column":10},"end":{"line":59,"column":142}},"type":"binary-expr","locations":[{"start":{"line":59,"column":10},"end":{"line":59,"column":18}},{"start":{"line":59,"column":23},"end":{"line":59,"column":141}}],"line":59},"11":{"loc":{"start":{"line":59,"column":23},"end":{"line":59,"column":141}},"type":"cond-expr","locations":[{"start":{"line":59,"column":40},"end":{"line":59,"column":51}},{"start":{"line":59,"column":55},"end":{"line":59,"column":140}}],"line":59},"12":{"loc":{"start":{"line":59,"column":55},"end":{"line":59,"column":140}},"type":"cond-expr","locations":[{"start":{"line":59,"column":72},"end":{"line":59,"column":86}},{"start":{"line":59,"column":90},"end":{"line":59,"column":139}}],"line":59},"13":{"loc":{"start":{"line":59,"column":90},"end":{"line":59,"column":139}},"type":"cond-expr","locations":[{"start":{"line":59,"column":107},"end":{"line":59,"column":120}},{"start":{"line":59,"column":123},"end":{"line":59,"column":139}}],"line":59},"14":{"loc":{"start":{"line":60,"column":13},"end":{"line":60,"column":148}},"type":"cond-expr","locations":[{"start":{"line":60,"column":73},"end":{"line":60,"column":87}},{"start":{"line":60,"column":91},"end":{"line":60,"column":147}}],"line":60},"15":{"loc":{"start":{"line":60,"column":14},"end":{"line":60,"column":69}},"type":"binary-expr","locations":[{"start":{"line":60,"column":14},"end":{"line":60,"column":51}},{"start":{"line":60,"column":55},"end":{"line":60,"column":69}}],"line":60},"16":{"loc":{"start":{"line":60,"column":91},"end":{"line":60,"column":147}},"type":"cond-expr","locations":[{"start":{"line":60,"column":126},"end":{"line":60,"column":140}},{"start":{"line":60,"column":143},"end":{"line":60,"column":147}}],"line":60},"17":{"loc":{"start":{"line":60,"column":91},"end":{"line":60,"column":123}},"type":"binary-expr","locations":[{"start":{"line":60,"column":91},"end":{"line":60,"column":105}},{"start":{"line":60,"column":109},"end":{"line":60,"column":123}}],"line":60}},"s":{"0":12,"1":12,"2":28,"3":28,"4":18,"5":10,"6":8,"7":10,"8":28,"9":28,"10":28,"11":28,"12":28,"13":12},"f":{"0":28},"b":{"0":[28,8,8],"1":[18,10],"2":[18,16],"3":[8,2],"4":[8,2],"5":[2,0],"6":[2,8],"7":[10,8],"8":[6,2],"9":[2,0],"10":[28,28],"11":[5,23],"12":[7,16],"13":[7,9],"14":[6,22],"15":[28,26],"16":[14,8],"17":[22,15]},"_coverageSchema":"1a1c01bbd47fc00a2c39e90264f33305004495a9","hash":"10df8aaafffd125b89f2ec4f2c72dd788a2a4f78"}
,"C:\\Users\\pc\\Documents\\waves\\Liquifact-backend\\src\\middleware\\rateLimit.js": {"path":"C:\\Users\\pc\\Documents\\waves\\Liquifact-backend\\src\\middleware\\rateLimit.js","statementMap":{"0":{"start":{"line":6,"column":38},"end":{"line":6,"column":67}},"1":{"start":{"line":12,"column":22},"end":{"line":29,"column":2}},"2":{"start":{"line":27,"column":4},"end":{"line":27,"column":69}},"3":{"start":{"line":35,"column":25},"end":{"line":51,"column":2}},"4":{"start":{"line":49,"column":4},"end":{"line":49,"column":69}},"5":{"start":{"line":53,"column":0},"end":{"line":56,"column":2}}},"fnMap":{"0":{"name":"(anonymous_0)","decl":{"start":{"line":25,"column":16},"end":{"line":25,"column":17}},"loc":{"start":{"line":25,"column":25},"end":{"line":28,"column":3}},"line":25},"1":{"name":"(anonymous_1)","decl":{"start":{"line":48,"column":16},"end":{"line":48,"column":17}},"loc":{"start":{"line":48,"column":25},"end":{"line":50,"column":3}},"line":48}},"branchMap":{"0":{"loc":{"start":{"line":27,"column":11},"end":{"line":27,"column":68}},"type":"cond-expr","locations":[{"start":{"line":27,"column":22},"end":{"line":27,"column":43}},{"start":{"line":27,"column":46},"end":{"line":27,"column":68}}],"line":27},"1":{"loc":{"start":{"line":49,"column":11},"end":{"line":49,"column":68}},"type":"cond-expr","locations":[{"start":{"line":49,"column":22},"end":{"line":49,"column":43}},{"start":{"line":49,"column":46},"end":{"line":49,"column":68}}],"line":49}},"s":{"0":9,"1":9,"2":65,"3":9,"4":26,"5":9},"f":{"0":65,"1":26},"b":{"0":[0,65],"1":[1,25]},"_coverageSchema":"1a1c01bbd47fc00a2c39e90264f33305004495a9","hash":"0be9551f5ce2da71c13f38f3386440679b07a5bd"}
,"C:\\Users\\pc\\Documents\\waves\\Liquifact-backend\\src\\middleware\\security.js": {"path":"C:\\Users\\pc\\Documents\\waves\\Liquifact-backend\\src\\middleware\\security.js","statementMap":{"0":{"start":{"line":22,"column":15},"end":{"line":22,"column":32}},"1":{"start":{"line":38,"column":2},"end":{"line":134,"column":5}},"2":{"start":{"line":137,"column":0},"end":{"line":137,"column":46}}},"fnMap":{"0":{"name":"createSecurityMiddleware","decl":{"start":{"line":37,"column":9},"end":{"line":37,"column":33}},"loc":{"start":{"line":37,"column":36},"end":{"line":135,"column":1}},"line":37}},"branchMap":{},"s":{"0":9,"1":22,"2":9},"f":{"0":22},"b":{},"_coverageSchema":"1a1c01bbd47fc00a2c39e90264f33305004495a9","hash":"aafa647c494c3df5973d58cfcf084f7d4482678a"}
,"C:\\Users\\pc\\Documents\\waves\\Liquifact-backend\\src\\middleware\\validate.js": {"path":"C:\\Users\\pc\\Documents\\waves\\Liquifact-backend\\src\\middleware\\validate.js","statementMap":{"0":{"start":{"line":1,"column":21},"end":{"line":1,"column":35}},"1":{"start":{"line":2,"column":17},"end":{"line":2,"column":46}},"2":{"start":{"line":7,"column":24},"end":{"line":24,"column":1}},"3":{"start":{"line":7,"column":51},"end":{"line":24,"column":1}},"4":{"start":{"line":8,"column":4},"end":{"line":23,"column":5}},"5":{"start":{"line":9,"column":30},"end":{"line":9,"column":53}},"6":{"start":{"line":10,"column":8},"end":{"line":10,"column":34}},"7":{"start":{"line":11,"column":8},"end":{"line":11,"column":15}},"8":{"start":{"line":13,"column":8},"end":{"line":21,"column":9}},"9":{"start":{"line":14,"column":12},"end":{"line":20,"column":16}},"10":{"start":{"line":18,"column":54},"end":{"line":18,"column":89}},"11":{"start":{"line":22,"column":8},"end":{"line":22,"column":20}},"12":{"start":{"line":29,"column":25},"end":{"line":54,"column":1}},"13":{"start":{"line":29,"column":37},"end":{"line":54,"column":1}},"14":{"start":{"line":30,"column":25},"end":{"line":30,"column":33}},"15":{"start":{"line":32,"column":4},"end":{"line":51,"column":6}},"16":{"start":{"line":34,"column":8},"end":{"line":36,"column":9}},"17":{"start":{"line":35,"column":12},"end":{"line":35,"column":49}},"18":{"start":{"line":38,"column":8},"end":{"line":50,"column":9}},"19":{"start":{"line":39,"column":34},"end":{"line":39,"column":52}},"20":{"start":{"line":40,"column":12},"end":{"line":40,"column":58}},"21":{"start":{"line":53,"column":4},"end":{"line":53,"column":11}},"22":{"start":{"line":56,"column":0},"end":{"line":59,"column":2}}},"fnMap":{"0":{"name":"(anonymous_0)","decl":{"start":{"line":7,"column":24},"end":{"line":7,"column":25}},"loc":{"start":{"line":7,"column":51},"end":{"line":24,"column":1}},"line":7},"1":{"name":"(anonymous_1)","decl":{"start":{"line":7,"column":51},"end":{"line":7,"column":52}},"loc":{"start":{"line":7,"column":71},"end":{"line":24,"column":1}},"line":7},"2":{"name":"(anonymous_2)","decl":{"start":{"line":18,"column":49},"end":{"line":18,"column":50}},"loc":{"start":{"line":18,"column":54},"end":{"line":18,"column":89}},"line":18},"3":{"name":"(anonymous_3)","decl":{"start":{"line":29,"column":25},"end":{"line":29,"column":26}},"loc":{"start":{"line":29,"column":37},"end":{"line":54,"column":1}},"line":29},"4":{"name":"(anonymous_4)","decl":{"start":{"line":29,"column":37},"end":{"line":29,"column":38}},"loc":{"start":{"line":29,"column":57},"end":{"line":54,"column":1}},"line":29},"5":{"name":"(anonymous_5)","decl":{"start":{"line":32,"column":15},"end":{"line":32,"column":16}},"loc":{"start":{"line":32,"column":31},"end":{"line":51,"column":5}},"line":32}},"branchMap":{"0":{"loc":{"start":{"line":7,"column":33},"end":{"line":7,"column":46}},"type":"default-arg","locations":[{"start":{"line":7,"column":40},"end":{"line":7,"column":46}}],"line":7},"1":{"loc":{"start":{"line":13,"column":8},"end":{"line":21,"column":9}},"type":"if","locations":[{"start":{"line":13,"column":8},"end":{"line":21,"column":9}},{"start":{},"end":{}}],"line":13},"2":{"loc":{"start":{"line":18,"column":25},"end":{"line":18,"column":43}},"type":"binary-expr","locations":[{"start":{"line":18,"column":25},"end":{"line":18,"column":37}},{"start":{"line":18,"column":41},"end":{"line":18,"column":43}}],"line":18},"3":{"loc":{"start":{"line":34,"column":8},"end":{"line":36,"column":9}},"type":"if","locations":[{"start":{"line":34,"column":8},"end":{"line":36,"column":9}},{"start":{},"end":{}}],"line":34},"4":{"loc":{"start":{"line":34,"column":12},"end":{"line":34,"column":74}},"type":"binary-expr","locations":[{"start":{"line":34,"column":12},"end":{"line":34,"column":16}},{"start":{"line":34,"column":21},"end":{"line":34,"column":31}},{"start":{"line":34,"column":35},"end":{"line":34,"column":45}},{"start":{"line":34,"column":49},"end":{"line":34,"column":73}}],"line":34}},"s":{"0":10,"1":10,"2":10,"3":24,"4":21,"5":21,"6":18,"7":18,"8":3,"9":3,"10":3,"11":0,"12":10,"13":66,"14":33,"15":33,"16":33,"17":4,"18":29,"19":29,"20":29,"21":33,"22":10},"f":{"0":24,"1":21,"2":3,"3":66,"4":33,"5":33},"b":{"0":[2],"1":[3,0],"2":[3,0],"3":[4,29],"4":[33,33,29,29]},"_coverageSchema":"1a1c01bbd47fc00a2c39e90264f33305004495a9","hash":"c967e762c6c35fd3edf3f0f96a7bdb1359b2412e"}
,"C:\\Users\\pc\\Documents\\waves\\Liquifact-backend\\src\\schemas\\apiSchemas.js": {"path":"C:\\Users\\pc\\Documents\\waves\\Liquifact-backend\\src\\schemas\\apiSchemas.js","statementMap":{"0":{"start":{"line":1,"column":14},"end":{"line":1,"column":28}},"1":{"start":{"line":3,"column":19},"end":{"line":6,"column":16}},"2":{"start":{"line":8,"column":20},"end":{"line":12,"column":13}},"3":{"start":{"line":14,"column":22},"end":{"line":20,"column":16}},"4":{"start":{"line":22,"column":21},"end":{"line":32,"column":16}},"5":{"start":{"line":34,"column":27},"end":{"line":38,"column":2}},"6":{"start":{"line":40,"column":36},"end":{"line":42,"column":2}},"7":{"start":{"line":44,"column":34},"end":{"line":46,"column":2}},"8":{"start":{"line":48,"column":43},"end":{"line":50,"column":2}},"9":{"start":{"line":52,"column":29},"end":{"line":54,"column":2}},"10":{"start":{"line":56,"column":0},"end":{"line":66,"column":2}}},"fnMap":{},"branchMap":{},"s":{"0":9,"1":9,"2":9,"3":9,"4":9,"5":9,"6":9,"7":9,"8":9,"9":9,"10":9},"f":{},"b":{},"_coverageSchema":"1a1c01bbd47fc00a2c39e90264f33305004495a9","hash":"f735886fa3ee3167067c74141bc7f24dcb662cd8"}
,"C:\\Users\\pc\\Documents\\waves\\Liquifact-backend\\src\\services\\escrow.service.js": {"path":"C:\\Users\\pc\\Documents\\waves\\Liquifact-backend\\src\\services\\escrow.service.js","statementMap":{"0":{"start":{"line":12,"column":32},"end":{"line":12,"column":52}},"1":{"start":{"line":17,"column":28},"end":{"line":21,"column":1}},"2":{"start":{"line":34,"column":4},"end":{"line":56,"column":7}},"3":{"start":{"line":39,"column":8},"end":{"line":39,"column":50}},"4":{"start":{"line":39,"column":31},"end":{"line":39,"column":48}},"5":{"start":{"line":42,"column":22},"end":{"line":42,"column":71}},"6":{"start":{"line":43,"column":25},"end":{"line":43,"column":40}},"7":{"start":{"line":45,"column":8},"end":{"line":55,"column":10}},"8":{"start":{"line":66,"column":4},"end":{"line":75,"column":7}},"9":{"start":{"line":68,"column":8},"end":{"line":74,"column":10}},"10":{"start":{"line":78,"column":0},"end":{"line":82,"column":2}}},"fnMap":{"0":{"name":"getEscrowStatus","decl":{"start":{"line":33,"column":15},"end":{"line":33,"column":30}},"loc":{"start":{"line":33,"column":42},"end":{"line":57,"column":1}},"line":33},"1":{"name":"(anonymous_1)","decl":{"start":{"line":34,"column":31},"end":{"line":34,"column":32}},"loc":{"start":{"line":34,"column":43},"end":{"line":56,"column":5}},"line":34},"2":{"name":"(anonymous_2)","decl":{"start":{"line":39,"column":26},"end":{"line":39,"column":27}},"loc":{"start":{"line":39,"column":31},"end":{"line":39,"column":48}},"line":39},"3":{"name":"fundEscrow","decl":{"start":{"line":65,"column":15},"end":{"line":65,"column":25}},"loc":{"start":{"line":65,"column":45},"end":{"line":76,"column":1}},"line":65},"4":{"name":"(anonymous_4)","decl":{"start":{"line":66,"column":31},"end":{"line":66,"column":32}},"loc":{"start":{"line":66,"column":43},"end":{"line":75,"column":5}},"line":66}},"branchMap":{"0":{"loc":{"start":{"line":20,"column":16},"end":{"line":20,"column":71}},"type":"binary-expr","locations":[{"start":{"line":20,"column":16},"end":{"line":20,"column":54}},{"start":{"line":20,"column":58},"end":{"line":20,"column":71}}],"line":20},"1":{"loc":{"start":{"line":42,"column":22},"end":{"line":42,"column":71}},"type":"binary-expr","locations":[{"start":{"line":42,"column":22},"end":{"line":42,"column":66}},{"start":{"line":42,"column":70},"end":{"line":42,"column":71}}],"line":42},"2":{"loc":{"start":{"line":47,"column":20},"end":{"line":47,"column":51}},"type":"cond-expr","locations":[{"start":{"line":47,"column":31},"end":{"line":47,"column":39}},{"start":{"line":47,"column":42},"end":{"line":47,"column":51}}],"line":47},"3":{"loc":{"start":{"line":48,"column":28},"end":{"line":48,"column":47}},"type":"cond-expr","locations":[{"start":{"line":48,"column":39},"end":{"line":48,"column":43}},{"start":{"line":48,"column":46},"end":{"line":48,"column":47}}],"line":48}},"s":{"0":10,"1":10,"2":7,"3":7,"4":7,"5":7,"6":7,"7":7,"8":1,"9":1,"10":10},"f":{"0":7,"1":7,"2":7,"3":1,"4":1},"b":{"0":[10,10],"1":[7,3],"2":[5,2],"3":[5,2]},"_coverageSchema":"1a1c01bbd47fc00a2c39e90264f33305004495a9","hash":"0ec3f21d6750334c02fe80415ee3007cb5e69fc6"}
,"C:\\Users\\pc\\Documents\\waves\\Liquifact-backend\\src\\services\\invoice.service.js": {"path":"C:\\Users\\pc\\Documents\\waves\\Liquifact-backend\\src\\services\\invoice.service.js","statementMap":{"0":{"start":{"line":1,"column":11},"end":{"line":1,"column":32}},"1":{"start":{"line":2,"column":30},"end":{"line":2,"column":62}},"2":{"start":{"line":11,"column":29},"end":{"line":20,"column":1}},"3":{"start":{"line":32,"column":2},"end":{"line":46,"column":3}},"4":{"start":{"line":33,"column":16},"end":{"line":33,"column":42}},"5":{"start":{"line":36,"column":4},"end":{"line":36,"column":72}},"6":{"start":{"line":42,"column":4},"end":{"line":42,"column":23}},"7":{"start":{"line":44,"column":4},"end":{"line":44,"column":53}},"8":{"start":{"line":45,"column":4},"end":{"line":45,"column":62}},"9":{"start":{"line":49,"column":0},"end":{"line":52,"column":2}}},"fnMap":{"0":{"name":"getInvoices","decl":{"start":{"line":31,"column":15},"end":{"line":31,"column":26}},"loc":{"start":{"line":31,"column":40},"end":{"line":47,"column":1}},"line":31}},"branchMap":{},"s":{"0":10,"1":10,"2":10,"3":5,"4":5,"5":5,"6":5,"7":1,"8":1,"9":10},"f":{"0":5},"b":{},"_coverageSchema":"1a1c01bbd47fc00a2c39e90264f33305004495a9","hash":"fa3d18ca12d3197af370b194077b0c7e4df502e0"}
,"C:\\Users\\pc\\Documents\\waves\\Liquifact-backend\\src\\services\\soroban.js": {"path":"C:\\Users\\pc\\Documents\\waves\\Liquifact-backend\\src\\services\\soroban.js","statementMap":{"0":{"start":{"line":21,"column":29},"end":{"line":25,"column":1}},"1":{"start":{"line":32,"column":31},"end":{"line":32,"column":60}},"2":{"start":{"line":41,"column":2},"end":{"line":41,"column":59}},"3":{"start":{"line":41,"column":34},"end":{"line":41,"column":57}},"4":{"start":{"line":55,"column":18},"end":{"line":55,"column":44}},"5":{"start":{"line":56,"column":19},"end":{"line":56,"column":46}},"6":{"start":{"line":57,"column":14},"end":{"line":57,"column":37}},"7":{"start":{"line":58,"column":17},"end":{"line":58,"column":52}},"8":{"start":{"line":59,"column":2},"end":{"line":59,"column":66}},"9":{"start":{"line":70,"column":2},"end":{"line":70,"column":25}},"10":{"start":{"line":70,"column":12},"end":{"line":70,"column":25}},"11":{"start":{"line":73,"column":2},"end":{"line":73,"column":73}},"12":{"start":{"line":73,"column":61},"end":{"line":73,"column":73}},"13":{"start":{"line":76,"column":2},"end":{"line":76,"column":80}},"14":{"start":{"line":76,"column":68},"end":{"line":76,"column":80}},"15":{"start":{"line":77,"column":2},"end":{"line":77,"column":83}},"16":{"start":{"line":77,"column":71},"end":{"line":77,"column":83}},"17":{"start":{"line":80,"column":14},"end":{"line":80,"column":31}},"18":{"start":{"line":81,"column":2},"end":{"line":81,"column":40}},"19":{"start":{"line":81,"column":28},"end":{"line":81,"column":40}},"20":{"start":{"line":82,"column":2},"end":{"line":82,"column":48}},"21":{"start":{"line":82,"column":36},"end":{"line":82,"column":48}},"22":{"start":{"line":83,"column":2},"end":{"line":83,"column":43}},"23":{"start":{"line":83,"column":31},"end":{"line":83,"column":43}},"24":{"start":{"line":85,"column":2},"end":{"line":85,"column":15}},"25":{"start":{"line":101,"column":14},"end":{"line":101,"column":61}},"26":{"start":{"line":102,"column":21},"end":{"line":102,"column":49}},"27":{"start":{"line":105,"column":2},"end":{"line":115,"column":3}},"28":{"start":{"line":105,"column":21},"end":{"line":105,"column":22}},"29":{"start":{"line":106,"column":4},"end":{"line":114,"column":5}},"30":{"start":{"line":107,"column":6},"end":{"line":107,"column":31}},"31":{"start":{"line":109,"column":6},"end":{"line":109,"column":20}},"32":{"start":{"line":110,"column":6},"end":{"line":110,"column":64}},"33":{"start":{"line":110,"column":54},"end":{"line":110,"column":64}},"34":{"start":{"line":112,"column":20},"end":{"line":112,"column":72}},"35":{"start":{"line":113,"column":6},"end":{"line":113,"column":25}},"36":{"start":{"line":117,"column":2},"end":{"line":117,"column":16}},"37":{"start":{"line":129,"column":2},"end":{"line":129,"column":38}},"38":{"start":{"line":132,"column":0},"end":{"line":140,"column":2}}},"fnMap":{"0":{"name":"sleep","decl":{"start":{"line":40,"column":9},"end":{"line":40,"column":14}},"loc":{"start":{"line":40,"column":19},"end":{"line":42,"column":1}},"line":40},"1":{"name":"(anonymous_1)","decl":{"start":{"line":41,"column":21},"end":{"line":41,"column":22}},"loc":{"start":{"line":41,"column":34},"end":{"line":41,"column":57}},"line":41},"2":{"name":"computeBackoff","decl":{"start":{"line":54,"column":9},"end":{"line":54,"column":23}},"loc":{"start":{"line":54,"column":54},"end":{"line":60,"column":1}},"line":54},"3":{"name":"isRetryable","decl":{"start":{"line":69,"column":9},"end":{"line":69,"column":20}},"loc":{"start":{"line":69,"column":26},"end":{"line":86,"column":1}},"line":69},"4":{"name":"withRetry","decl":{"start":{"line":100,"column":15},"end":{"line":100,"column":24}},"loc":{"start":{"line":100,"column":44},"end":{"line":118,"column":1}},"line":100},"5":{"name":"callSorobanContract","decl":{"start":{"line":128,"column":15},"end":{"line":128,"column":34}},"loc":{"start":{"line":128,"column":54},"end":{"line":130,"column":1}},"line":128}},"branchMap":{"0":{"loc":{"start":{"line":22,"column":23},"end":{"line":22,"column":61}},"type":"binary-expr","locations":[{"start":{"line":22,"column":23},"end":{"line":22,"column":54}},{"start":{"line":22,"column":58},"end":{"line":22,"column":61}}],"line":22},"1":{"loc":{"start":{"line":23,"column":22},"end":{"line":23,"column":61}},"type":"binary-expr","locations":[{"start":{"line":23,"column":22},"end":{"line":23,"column":52}},{"start":{"line":23,"column":56},"end":{"line":23,"column":61}}],"line":23},"2":{"loc":{"start":{"line":24,"column":21},"end":{"line":24,"column":60}},"type":"binary-expr","locations":[{"start":{"line":24,"column":21},"end":{"line":24,"column":50}},{"start":{"line":24,"column":54},"end":{"line":24,"column":60}}],"line":24},"3":{"loc":{"start":{"line":70,"column":2},"end":{"line":70,"column":25}},"type":"if","locations":[{"start":{"line":70,"column":2},"end":{"line":70,"column":25}},{"start":{},"end":{}}],"line":70},"4":{"loc":{"start":{"line":73,"column":2},"end":{"line":73,"column":73}},"type":"if","locations":[{"start":{"line":73,"column":2},"end":{"line":73,"column":73}},{"start":{},"end":{}}],"line":73},"5":{"loc":{"start":{"line":73,"column":6},"end":{"line":73,"column":59}},"type":"binary-expr","locations":[{"start":{"line":73,"column":6},"end":{"line":73,"column":31}},{"start":{"line":73,"column":35},"end":{"line":73,"column":59}}],"line":73},"6":{"loc":{"start":{"line":76,"column":2},"end":{"line":76,"column":80}},"type":"if","locations":[{"start":{"line":76,"column":2},"end":{"line":76,"column":80}},{"start":{},"end":{}}],"line":76},"7":{"loc":{"start":{"line":76,"column":6},"end":{"line":76,"column":66}},"type":"binary-expr","locations":[{"start":{"line":76,"column":6},"end":{"line":76,"column":24}},{"start":{"line":76,"column":28},"end":{"line":76,"column":66}}],"line":76},"8":{"loc":{"start":{"line":77,"column":2},"end":{"line":77,"column":83}},"type":"if","locations":[{"start":{"line":77,"column":2},"end":{"line":77,"column":83}},{"start":{},"end":{}}],"line":77},"9":{"loc":{"start":{"line":77,"column":6},"end":{"line":77,"column":69}},"type":"binary-expr","locations":[{"start":{"line":77,"column":6},"end":{"line":77,"column":18}},{"start":{"line":77,"column":22},"end":{"line":77,"column":69}}],"line":77},"10":{"loc":{"start":{"line":80,"column":14},"end":{"line":80,"column":31}},"type":"binary-expr","locations":[{"start":{"line":80,"column":14},"end":{"line":80,"column":25}},{"start":{"line":80,"column":29},"end":{"line":80,"column":31}}],"line":80},"11":{"loc":{"start":{"line":81,"column":2},"end":{"line":81,"column":40}},"type":"if","locations":[{"start":{"line":81,"column":2},"end":{"line":81,"column":40}},{"start":{},"end":{}}],"line":81},"12":{"loc":{"start":{"line":82,"column":2},"end":{"line":82,"column":48}},"type":"if","locations":[{"start":{"line":82,"column":2},"end":{"line":82,"column":48}},{"start":{},"end":{}}],"line":82},"13":{"loc":{"start":{"line":83,"column":2},"end":{"line":83,"column":43}},"type":"if","locations":[{"start":{"line":83,"column":2},"end":{"line":83,"column":43}},{"start":{},"end":{}}],"line":83},"14":{"loc":{"start":{"line":110,"column":6},"end":{"line":110,"column":64}},"type":"if","locations":[{"start":{"line":110,"column":6},"end":{"line":110,"column":64}},{"start":{},"end":{}}],"line":110},"15":{"loc":{"start":{"line":110,"column":10},"end":{"line":110,"column":52}},"type":"binary-expr","locations":[{"start":{"line":110,"column":10},"end":{"line":110,"column":31}},{"start":{"line":110,"column":35},"end":{"line":110,"column":52}}],"line":110}},"s":{"0":10,"1":10,"2":1,"3":1,"4":1,"5":1,"6":1,"7":1,"8":1,"9":8,"10":0,"11":8,"12":0,"13":8,"14":0,"15":8,"16":0,"17":8,"18":8,"19":1,"20":7,"21":3,"22":4,"23":0,"24":4,"25":7,"26":7,"27":7,"28":7,"29":8,"30":8,"31":2,"32":2,"33":1,"34":1,"35":1,"36":0,"37":7,"38":10},"f":{"0":1,"1":1,"2":1,"3":8,"4":7,"5":7},"b":{"0":[10,10],"1":[10,10],"2":[10,10],"3":[0,8],"4":[0,8],"5":[8,8],"6":[0,8],"7":[8,0],"8":[0,8],"9":[8,0],"10":[8,0],"11":[1,7],"12":[3,4],"13":[0,4],"14":[1,1],"15":[2,2]},"_coverageSchema":"1a1c01bbd47fc00a2c39e90264f33305004495a9","hash":"9c3d72bfcb47ad02d2357e664d82eb982a6b1993"}
,"C:\\Users\\pc\\Documents\\waves\\Liquifact-backend\\src\\utils\\asyncHandler.js": {"path":"C:\\Users\\pc\\Documents\\waves\\Liquifact-backend\\src\\utils\\asyncHandler.js","statementMap":{"0":{"start":{"line":8,"column":21},"end":{"line":12,"column":1}},"1":{"start":{"line":9,"column":2},"end":{"line":11,"column":4}},"2":{"start":{"line":10,"column":4},"end":{"line":10,"column":52}},"3":{"start":{"line":14,"column":0},"end":{"line":14,"column":30}}},"fnMap":{"0":{"name":"(anonymous_0)","decl":{"start":{"line":8,"column":21},"end":{"line":8,"column":22}},"loc":{"start":{"line":8,"column":29},"end":{"line":12,"column":1}},"line":8},"1":{"name":"(anonymous_1)","decl":{"start":{"line":9,"column":9},"end":{"line":9,"column":10}},"loc":{"start":{"line":9,"column":35},"end":{"line":11,"column":3}},"line":9}},"branchMap":{},"s":{"0":11,"1":49,"2":21,"3":11},"f":{"0":49,"1":21},"b":{},"_coverageSchema":"1a1c01bbd47fc00a2c39e90264f33305004495a9","hash":"38a717111e40dd2bd90d30a1efc7c38604bd18d2"}
,"C:\\Users\\pc\\Documents\\waves\\Liquifact-backend\\src\\utils\\problemDetails.js": {"path":"C:\\Users\\pc\\Documents\\waves\\Liquifact-backend\\src\\utils\\problemDetails.js","statementMap":{"0":{"start":{"line":14,"column":18},"end":{"line":20,"column":3}},"1":{"start":{"line":23,"column":2},"end":{"line":25,"column":3}},"2":{"start":{"line":24,"column":4},"end":{"line":24,"column":26}},"3":{"start":{"line":27,"column":2},"end":{"line":27,"column":17}},"4":{"start":{"line":30,"column":0},"end":{"line":30,"column":38}}},"fnMap":{"0":{"name":"formatProblemDetails","decl":{"start":{"line":5,"column":9},"end":{"line":5,"column":29}},"loc":{"start":{"line":13,"column":3},"end":{"line":28,"column":1}},"line":13}},"branchMap":{"0":{"loc":{"start":{"line":6,"column":2},"end":{"line":6,"column":22}},"type":"default-arg","locations":[{"start":{"line":6,"column":9},"end":{"line":6,"column":22}}],"line":6},"1":{"loc":{"start":{"line":7,"column":2},"end":{"line":7,"column":40}},"type":"default-arg","locations":[{"start":{"line":7,"column":10},"end":{"line":7,"column":40}}],"line":7},"2":{"loc":{"start":{"line":8,"column":2},"end":{"line":8,"column":14}},"type":"default-arg","locations":[{"start":{"line":8,"column":11},"end":{"line":8,"column":14}}],"line":8},"3":{"loc":{"start":{"line":12,"column":2},"end":{"line":12,"column":54}},"type":"default-arg","locations":[{"start":{"line":12,"column":17},"end":{"line":12,"column":54}}],"line":12},"4":{"loc":{"start":{"line":23,"column":2},"end":{"line":25,"column":3}},"type":"if","locations":[{"start":{"line":23,"column":2},"end":{"line":25,"column":3}},{"start":{},"end":{}}],"line":23},"5":{"loc":{"start":{"line":23,"column":6},"end":{"line":23,"column":28}},"type":"binary-expr","locations":[{"start":{"line":23,"column":6},"end":{"line":23,"column":19}},{"start":{"line":23,"column":23},"end":{"line":23,"column":28}}],"line":23}},"s":{"0":31,"1":31,"2":27,"3":31,"4":13},"f":{"0":31},"b":{"0":[1],"1":[1],"2":[1],"3":[29],"4":[27,4],"5":[31,28]},"_coverageSchema":"1a1c01bbd47fc00a2c39e90264f33305004495a9","hash":"d0f862c57c5eee575ae790f56f0acd24140243c7"}
,"C:\\Users\\pc\\Documents\\waves\\Liquifact-backend\\src\\utils\\queryBuilder.js": {"path":"C:\\Users\\pc\\Documents\\waves\\Liquifact-backend\\src\\utils\\queryBuilder.js","statementMap":{"0":{"start":{"line":23,"column":41},"end":{"line":23,"column":48}},"1":{"start":{"line":24,"column":74},"end":{"line":24,"column":80}},"2":{"start":{"line":27,"column":2},"end":{"line":44,"column":5}},"3":{"start":{"line":28,"column":18},"end":{"line":28,"column":30}},"4":{"start":{"line":29,"column":4},"end":{"line":29,"column":70}},"5":{"start":{"line":29,"column":63},"end":{"line":29,"column":70}},"6":{"start":{"line":31,"column":4},"end":{"line":43,"column":5}},"7":{"start":{"line":32,"column":21},"end":{"line":32,"column":42}},"8":{"start":{"line":35,"column":6},"end":{"line":42,"column":7}},"9":{"start":{"line":36,"column":8},"end":{"line":36,"column":41}},"10":{"start":{"line":37,"column":13},"end":{"line":42,"column":7}},"11":{"start":{"line":38,"column":8},"end":{"line":38,"column":41}},"12":{"start":{"line":41,"column":8},"end":{"line":41,"column":35}},"13":{"start":{"line":47,"column":37},"end":{"line":47,"column":44}},"14":{"start":{"line":48,"column":2},"end":{"line":57,"column":3}},"15":{"start":{"line":49,"column":19},"end":{"line":49,"column":46}},"16":{"start":{"line":50,"column":22},"end":{"line":50,"column":98}},"17":{"start":{"line":51,"column":4},"end":{"line":51,"column":37}},"18":{"start":{"line":52,"column":9},"end":{"line":57,"column":3}},"19":{"start":{"line":54,"column":24},"end":{"line":54,"column":44}},"20":{"start":{"line":55,"column":19},"end":{"line":55,"column":56}},"21":{"start":{"line":56,"column":4},"end":{"line":56,"column":34}},"22":{"start":{"line":59,"column":2},"end":{"line":59,"column":15}},"23":{"start":{"line":62,"column":0},"end":{"line":64,"column":2}}},"fnMap":{"0":{"name":"applyQueryOptions","decl":{"start":{"line":22,"column":9},"end":{"line":22,"column":26}},"loc":{"start":{"line":22,"column":61},"end":{"line":60,"column":1}},"line":22},"1":{"name":"(anonymous_1)","decl":{"start":{"line":27,"column":31},"end":{"line":27,"column":32}},"loc":{"start":{"line":27,"column":40},"end":{"line":44,"column":3}},"line":27}},"branchMap":{"0":{"loc":{"start":{"line":22,"column":34},"end":{"line":22,"column":46}},"type":"default-arg","locations":[{"start":{"line":22,"column":44},"end":{"line":22,"column":46}}],"line":22},"1":{"loc":{"start":{"line":22,"column":48},"end":{"line":22,"column":59}},"type":"default-arg","locations":[{"start":{"line":22,"column":57},"end":{"line":22,"column":59}}],"line":22},"2":{"loc":{"start":{"line":23,"column":10},"end":{"line":23,"column":22}},"type":"default-arg","locations":[{"start":{"line":23,"column":20},"end":{"line":23,"column":22}}],"line":23},"3":{"loc":{"start":{"line":23,"column":24},"end":{"line":23,"column":36}},"type":"default-arg","locations":[{"start":{"line":23,"column":34},"end":{"line":23,"column":36}}],"line":23},"4":{"loc":{"start":{"line":24,"column":10},"end":{"line":24,"column":29}},"type":"default-arg","locations":[{"start":{"line":24,"column":27},"end":{"line":24,"column":29}}],"line":24},"5":{"loc":{"start":{"line":24,"column":31},"end":{"line":24,"column":53}},"type":"default-arg","locations":[{"start":{"line":24,"column":51},"end":{"line":24,"column":53}}],"line":24},"6":{"loc":{"start":{"line":24,"column":55},"end":{"line":24,"column":69}},"type":"default-arg","locations":[{"start":{"line":24,"column":67},"end":{"line":24,"column":69}}],"line":24},"7":{"loc":{"start":{"line":29,"column":4},"end":{"line":29,"column":70}},"type":"if","locations":[{"start":{"line":29,"column":4},"end":{"line":29,"column":70}},{"start":{},"end":{}}],"line":29},"8":{"loc":{"start":{"line":29,"column":8},"end":{"line":29,"column":61}},"type":"binary-expr","locations":[{"start":{"line":29,"column":8},"end":{"line":29,"column":27}},{"start":{"line":29,"column":31},"end":{"line":29,"column":45}},{"start":{"line":29,"column":49},"end":{"line":29,"column":61}}],"line":29},"9":{"loc":{"start":{"line":31,"column":4},"end":{"line":43,"column":5}},"type":"if","locations":[{"start":{"line":31,"column":4},"end":{"line":43,"column":5}},{"start":{},"end":{}}],"line":31},"10":{"loc":{"start":{"line":32,"column":21},"end":{"line":32,"column":42}},"type":"binary-expr","locations":[{"start":{"line":32,"column":21},"end":{"line":32,"column":35}},{"start":{"line":32,"column":39},"end":{"line":32,"column":42}}],"line":32},"11":{"loc":{"start":{"line":35,"column":6},"end":{"line":42,"column":7}},"type":"if","locations":[{"start":{"line":35,"column":6},"end":{"line":42,"column":7}},{"start":{"line":37,"column":13},"end":{"line":42,"column":7}}],"line":35},"12":{"loc":{"start":{"line":37,"column":13},"end":{"line":42,"column":7}},"type":"if","locations":[{"start":{"line":37,"column":13},"end":{"line":42,"column":7}},{"start":{"line":39,"column":13},"end":{"line":42,"column":7}}],"line":37},"13":{"loc":{"start":{"line":47,"column":18},"end":{"line":47,"column":32}},"type":"default-arg","locations":[{"start":{"line":47,"column":26},"end":{"line":47,"column":32}}],"line":47},"14":{"loc":{"start":{"line":48,"column":2},"end":{"line":57,"column":3}},"type":"if","locations":[{"start":{"line":48,"column":2},"end":{"line":57,"column":3}},{"start":{"line":52,"column":9},"end":{"line":57,"column":3}}],"line":48},"15":{"loc":{"start":{"line":48,"column":6},"end":{"line":48,"column":50}},"type":"binary-expr","locations":[{"start":{"line":48,"column":6},"end":{"line":48,"column":12}},{"start":{"line":48,"column":16},"end":{"line":48,"column":50}}],"line":48},"16":{"loc":{"start":{"line":49,"column":19},"end":{"line":49,"column":46}},"type":"binary-expr","locations":[{"start":{"line":49,"column":19},"end":{"line":49,"column":36}},{"start":{"line":49,"column":40},"end":{"line":49,"column":46}}],"line":49},"17":{"loc":{"start":{"line":50,"column":22},"end":{"line":50,"column":98}},"type":"cond-expr","locations":[{"start":{"line":50,"column":70},"end":{"line":50,"column":89}},{"start":{"line":50,"column":92},"end":{"line":50,"column":98}}],"line":50},"18":{"loc":{"start":{"line":52,"column":9},"end":{"line":57,"column":3}},"type":"if","locations":[{"start":{"line":52,"column":9},"end":{"line":57,"column":3}},{"start":{},"end":{}}],"line":52},"19":{"loc":{"start":{"line":55,"column":19},"end":{"line":55,"column":56}},"type":"binary-expr","locations":[{"start":{"line":55,"column":19},"end":{"line":55,"column":41}},{"start":{"line":55,"column":45},"end":{"line":55,"column":56}}],"line":55}},"s":{"0":16,"1":16,"2":16,"3":11,"4":11,"5":3,"6":8,"7":7,"8":7,"9":1,"10":6,"11":1,"12":5,"13":16,"14":16,"15":5,"16":5,"17":5,"18":11,"19":10,"20":10,"21":10,"22":16,"23":11},"f":{"0":16,"1":11},"b":{"0":[0],"1":[0],"2":[7],"3":[7],"4":[0],"5":[0],"6":[1],"7":[3,8],"8":[11,10,9],"9":[7,1],"10":[7,4],"11":[1,6],"12":[1,5],"13":[12],"14":[5,11],"15":[16,6],"16":[5,5],"17":[4,1],"18":[10,1],"19":[10,10]},"_coverageSchema":"1a1c01bbd47fc00a2c39e90264f33305004495a9","hash":"3efdc6794edd7ddcb95975c8c04dcb42a4157e79"}
,"C:\\Users\\pc\\Documents\\waves\\Liquifact-backend\\src\\utils\\responseHelper.js": {"path":"C:\\Users\\pc\\Documents\\waves\\Liquifact-backend\\src\\utils\\responseHelper.js","statementMap":{"0":{"start":{"line":3,"column":20},"end":{"line":3,"column":27}},"1":{"start":{"line":8,"column":16},"end":{"line":20,"column":1}},"2":{"start":{"line":9,"column":18},"end":{"line":9,"column":43}},"3":{"start":{"line":10,"column":2},"end":{"line":19,"column":4}},"4":{"start":{"line":25,"column":14},"end":{"line":37,"column":2}},"5":{"start":{"line":25,"column":69},"end":{"line":37,"column":1}},"6":{"start":{"line":39,"column":0},"end":{"line":39,"column":36}}},"fnMap":{"0":{"name":"(anonymous_0)","decl":{"start":{"line":8,"column":16},"end":{"line":8,"column":17}},"loc":{"start":{"line":8,"column":37},"end":{"line":20,"column":1}},"line":8},"1":{"name":"(anonymous_1)","decl":{"start":{"line":25,"column":14},"end":{"line":25,"column":15}},"loc":{"start":{"line":25,"column":69},"end":{"line":37,"column":1}},"line":25}},"branchMap":{"0":{"loc":{"start":{"line":8,"column":23},"end":{"line":8,"column":32}},"type":"default-arg","locations":[{"start":{"line":8,"column":30},"end":{"line":8,"column":32}}],"line":8},"1":{"loc":{"start":{"line":9,"column":18},"end":{"line":9,"column":43}},"type":"binary-expr","locations":[{"start":{"line":9,"column":18},"end":{"line":9,"column":30}},{"start":{"line":9,"column":34},"end":{"line":9,"column":43}}],"line":9},"2":{"loc":{"start":{"line":25,"column":24},"end":{"line":25,"column":47}},"type":"default-arg","locations":[{"start":{"line":25,"column":31},"end":{"line":25,"column":47}}],"line":25},"3":{"loc":{"start":{"line":25,"column":49},"end":{"line":25,"column":63}},"type":"default-arg","locations":[{"start":{"line":25,"column":59},"end":{"line":25,"column":63}}],"line":25}},"s":{"0":9,"1":9,"2":45,"3":45,"4":9,"5":2,"6":9},"f":{"0":45,"1":2},"b":{"0":[32],"1":[45,33],"2":[1],"3":[1]},"_coverageSchema":"1a1c01bbd47fc00a2c39e90264f33305004495a9","hash":"dcedb87c49f49de69c01ea64b93a47ad9fc75a3c"}
,"C:\\Users\\pc\\Documents\\waves\\Liquifact-backend\\src\\utils\\retry.js": {"path":"C:\\Users\\pc\\Documents\\waves\\Liquifact-backend\\src\\utils\\retry.js","statementMap":{"0":{"start":{"line":29,"column":26},"end":{"line":29,"column":28}},"1":{"start":{"line":30,"column":24},"end":{"line":30,"column":29}},"2":{"start":{"line":31,"column":29},"end":{"line":31,"column":34}},"3":{"start":{"line":38,"column":6},"end":{"line":38,"column":13}},"4":{"start":{"line":37,"column":24},"end":{"line":37,"column":28}},"5":{"start":{"line":41,"column":21},"end":{"line":41,"column":74}},"6":{"start":{"line":42,"column":20},"end":{"line":42,"column":75}},"7":{"start":{"line":43,"column":19},"end":{"line":43,"column":68}},"8":{"start":{"line":45,"column":16},"end":{"line":45,"column":17}},"9":{"start":{"line":47,"column":2},"end":{"line":65,"column":3}},"10":{"start":{"line":48,"column":4},"end":{"line":64,"column":5}},"11":{"start":{"line":49,"column":6},"end":{"line":49,"column":31}},"12":{"start":{"line":51,"column":6},"end":{"line":53,"column":7}},"13":{"start":{"line":52,"column":8},"end":{"line":52,"column":20}},"14":{"start":{"line":56,"column":31},"end":{"line":56,"column":63}},"15":{"start":{"line":57,"column":20},"end":{"line":57,"column":56}},"16":{"start":{"line":60,"column":28},"end":{"line":60,"column":63}},"17":{"start":{"line":62,"column":6},"end":{"line":62,"column":16}},"18":{"start":{"line":63,"column":6},"end":{"line":63,"column":73}},"19":{"start":{"line":63,"column":37},"end":{"line":63,"column":71}},"20":{"start":{"line":68,"column":0},"end":{"line":70,"column":2}}},"fnMap":{"0":{"name":"withRetry","decl":{"start":{"line":27,"column":15},"end":{"line":27,"column":24}},"loc":{"start":{"line":27,"column":50},"end":{"line":66,"column":1}},"line":27},"1":{"name":"(anonymous_1)","decl":{"start":{"line":37,"column":18},"end":{"line":37,"column":19}},"loc":{"start":{"line":37,"column":24},"end":{"line":37,"column":28}},"line":37},"2":{"name":"(anonymous_2)","decl":{"start":{"line":63,"column":24},"end":{"line":63,"column":25}},"loc":{"start":{"line":63,"column":37},"end":{"line":63,"column":71}},"line":63}},"branchMap":{"0":{"loc":{"start":{"line":27,"column":36},"end":{"line":27,"column":48}},"type":"default-arg","locations":[{"start":{"line":27,"column":46},"end":{"line":27,"column":48}}],"line":27},"1":{"loc":{"start":{"line":34,"column":16},"end":{"line":34,"column":33}},"type":"default-arg","locations":[{"start":{"line":34,"column":32},"end":{"line":34,"column":33}}],"line":34},"2":{"loc":{"start":{"line":35,"column":15},"end":{"line":35,"column":33}},"type":"default-arg","locations":[{"start":{"line":35,"column":30},"end":{"line":35,"column":33}}],"line":35},"3":{"loc":{"start":{"line":36,"column":14},"end":{"line":36,"column":33}},"type":"default-arg","locations":[{"start":{"line":36,"column":28},"end":{"line":36,"column":33}}],"line":36},"4":{"loc":{"start":{"line":37,"column":4},"end":{"line":37,"column":28}},"type":"default-arg","locations":[{"start":{"line":37,"column":18},"end":{"line":37,"column":28}}],"line":37},"5":{"loc":{"start":{"line":51,"column":6},"end":{"line":53,"column":7}},"type":"if","locations":[{"start":{"line":51,"column":6},"end":{"line":53,"column":7}},{"start":{},"end":{}}],"line":51},"6":{"loc":{"start":{"line":51,"column":10},"end":{"line":51,"column":54}},"type":"binary-expr","locations":[{"start":{"line":51,"column":10},"end":{"line":51,"column":31}},{"start":{"line":51,"column":35},"end":{"line":51,"column":54}}],"line":51}},"s":{"0":6,"1":6,"2":6,"3":6,"4":15,"5":6,"6":6,"7":6,"8":6,"9":6,"10":21,"11":21,"12":19,"13":4,"14":15,"15":15,"16":15,"17":15,"18":15,"19":15,"20":1},"f":{"0":6,"1":15,"2":15},"b":{"0":[1],"1":[1],"2":[1],"3":[5],"4":[5],"5":[4,15],"6":[19,16]},"_coverageSchema":"1a1c01bbd47fc00a2c39e90264f33305004495a9","hash":"8958a6234a6074fac06ae5b2b782ead7d5ab4d9a"}
,"C:\\Users\\pc\\Documents\\waves\\Liquifact-backend\\src\\utils\\validators.js": {"path":"C:\\Users\\pc\\Documents\\waves\\Liquifact-backend\\src\\utils\\validators.js","statementMap":{"0":{"start":{"line":14,"column":17},"end":{"line":14,"column":19}},"1":{"start":{"line":15,"column":26},"end":{"line":18,"column":3}},"2":{"start":{"line":28,"column":6},"end":{"line":28,"column":11}},"3":{"start":{"line":31,"column":2},"end":{"line":38,"column":3}},"4":{"start":{"line":32,"column":26},"end":{"line":32,"column":56}},"5":{"start":{"line":33,"column":4},"end":{"line":37,"column":5}},"6":{"start":{"line":34,"column":6},"end":{"line":34,"column":46}},"7":{"start":{"line":36,"column":6},"end":{"line":36,"column":81}},"8":{"start":{"line":41,"column":2},"end":{"line":47,"column":3}},"9":{"start":{"line":42,"column":4},"end":{"line":46,"column":5}},"10":{"start":{"line":43,"column":6},"end":{"line":43,"column":44}},"11":{"start":{"line":45,"column":6},"end":{"line":45,"column":42}},"12":{"start":{"line":50,"column":2},"end":{"line":56,"column":3}},"13":{"start":{"line":51,"column":4},"end":{"line":55,"column":5}},"14":{"start":{"line":52,"column":6},"end":{"line":52,"column":48}},"15":{"start":{"line":54,"column":6},"end":{"line":54,"column":44}},"16":{"start":{"line":59,"column":20},"end":{"line":59,"column":41}},"17":{"start":{"line":60,"column":2},"end":{"line":66,"column":3}},"18":{"start":{"line":61,"column":4},"end":{"line":65,"column":5}},"19":{"start":{"line":62,"column":6},"end":{"line":62,"column":50}},"20":{"start":{"line":64,"column":6},"end":{"line":64,"column":61}},"21":{"start":{"line":68,"column":2},"end":{"line":74,"column":3}},"22":{"start":{"line":69,"column":4},"end":{"line":73,"column":5}},"23":{"start":{"line":70,"column":6},"end":{"line":70,"column":46}},"24":{"start":{"line":72,"column":6},"end":{"line":72,"column":59}},"25":{"start":{"line":77,"column":2},"end":{"line":84,"column":3}},"26":{"start":{"line":78,"column":28},"end":{"line":78,"column":46}},"27":{"start":{"line":79,"column":4},"end":{"line":83,"column":5}},"28":{"start":{"line":80,"column":6},"end":{"line":80,"column":46}},"29":{"start":{"line":82,"column":6},"end":{"line":82,"column":83}},"30":{"start":{"line":87,"column":2},"end":{"line":94,"column":3}},"31":{"start":{"line":88,"column":23},"end":{"line":88,"column":42}},"32":{"start":{"line":89,"column":4},"end":{"line":93,"column":5}},"33":{"start":{"line":90,"column":6},"end":{"line":90,"column":49}},"34":{"start":{"line":92,"column":6},"end":{"line":92,"column":60}},"35":{"start":{"line":96,"column":2},"end":{"line":100,"column":4}},"36":{"start":{"line":103,"column":0},"end":{"line":105,"column":2}}},"fnMap":{"0":{"name":"validateInvoiceQueryParams","decl":{"start":{"line":13,"column":9},"end":{"line":13,"column":35}},"loc":{"start":{"line":13,"column":43},"end":{"line":101,"column":1}},"line":13}},"branchMap":{"0":{"loc":{"start":{"line":31,"column":2},"end":{"line":38,"column":3}},"type":"if","locations":[{"start":{"line":31,"column":2},"end":{"line":38,"column":3}},{"start":{},"end":{}}],"line":31},"1":{"loc":{"start":{"line":33,"column":4},"end":{"line":37,"column":5}},"type":"if","locations":[{"start":{"line":33,"column":4},"end":{"line":37,"column":5}},{"start":{"line":35,"column":11},"end":{"line":37,"column":5}}],"line":33},"2":{"loc":{"start":{"line":41,"column":2},"end":{"line":47,"column":3}},"type":"if","locations":[{"start":{"line":41,"column":2},"end":{"line":47,"column":3}},{"start":{},"end":{}}],"line":41},"3":{"loc":{"start":{"line":42,"column":4},"end":{"line":46,"column":5}},"type":"if","locations":[{"start":{"line":42,"column":4},"end":{"line":46,"column":5}},{"start":{"line":44,"column":11},"end":{"line":46,"column":5}}],"line":42},"4":{"loc":{"start":{"line":42,"column":8},"end":{"line":42,"column":60}},"type":"binary-expr","locations":[{"start":{"line":42,"column":8},"end":{"line":42,"column":33}},{"start":{"line":42,"column":37},"end":{"line":42,"column":60}}],"line":42},"5":{"loc":{"start":{"line":50,"column":2},"end":{"line":56,"column":3}},"type":"if","locations":[{"start":{"line":50,"column":2},"end":{"line":56,"column":3}},{"start":{},"end":{}}],"line":50},"6":{"loc":{"start":{"line":51,"column":4},"end":{"line":55,"column":5}},"type":"if","locations":[{"start":{"line":51,"column":4},"end":{"line":55,"column":5}},{"start":{"line":53,"column":11},"end":{"line":55,"column":5}}],"line":51},"7":{"loc":{"start":{"line":51,"column":8},"end":{"line":51,"column":64}},"type":"binary-expr","locations":[{"start":{"line":51,"column":8},"end":{"line":51,"column":35}},{"start":{"line":51,"column":39},"end":{"line":51,"column":64}}],"line":51},"8":{"loc":{"start":{"line":60,"column":2},"end":{"line":66,"column":3}},"type":"if","locations":[{"start":{"line":60,"column":2},"end":{"line":66,"column":3}},{"start":{},"end":{}}],"line":60},"9":{"loc":{"start":{"line":61,"column":4},"end":{"line":65,"column":5}},"type":"if","locations":[{"start":{"line":61,"column":4},"end":{"line":65,"column":5}},{"start":{"line":63,"column":11},"end":{"line":65,"column":5}}],"line":61},"10":{"loc":{"start":{"line":61,"column":8},"end":{"line":61,"column":64}},"type":"binary-expr","locations":[{"start":{"line":61,"column":8},"end":{"line":61,"column":32}},{"start":{"line":61,"column":36},"end":{"line":61,"column":64}}],"line":61},"11":{"loc":{"start":{"line":68,"column":2},"end":{"line":74,"column":3}},"type":"if","locations":[{"start":{"line":68,"column":2},"end":{"line":74,"column":3}},{"start":{},"end":{}}],"line":68},"12":{"loc":{"start":{"line":69,"column":4},"end":{"line":73,"column":5}},"type":"if","locations":[{"start":{"line":69,"column":4},"end":{"line":73,"column":5}},{"start":{"line":71,"column":11},"end":{"line":73,"column":5}}],"line":69},"13":{"loc":{"start":{"line":69,"column":8},"end":{"line":69,"column":60}},"type":"binary-expr","locations":[{"start":{"line":69,"column":8},"end":{"line":69,"column":30}},{"start":{"line":69,"column":34},"end":{"line":69,"column":60}}],"line":69},"14":{"loc":{"start":{"line":77,"column":2},"end":{"line":84,"column":3}},"type":"if","locations":[{"start":{"line":77,"column":2},"end":{"line":84,"column":3}},{"start":{},"end":{}}],"line":77},"15":{"loc":{"start":{"line":79,"column":4},"end":{"line":83,"column":5}},"type":"if","locations":[{"start":{"line":79,"column":4},"end":{"line":83,"column":5}},{"start":{"line":81,"column":11},"end":{"line":83,"column":5}}],"line":79},"16":{"loc":{"start":{"line":87,"column":2},"end":{"line":94,"column":3}},"type":"if","locations":[{"start":{"line":87,"column":2},"end":{"line":94,"column":3}},{"start":{},"end":{}}],"line":87},"17":{"loc":{"start":{"line":89,"column":4},"end":{"line":93,"column":5}},"type":"if","locations":[{"start":{"line":89,"column":4},"end":{"line":93,"column":5}},{"start":{"line":91,"column":11},"end":{"line":93,"column":5}}],"line":89}},"s":{"0":24,"1":24,"2":24,"3":24,"4":6,"5":6,"6":2,"7":4,"8":24,"9":2,"10":2,"11":0,"12":24,"13":2,"14":1,"15":1,"16":24,"17":24,"18":5,"19":2,"20":3,"21":24,"22":3,"23":2,"24":1,"25":24,"26":4,"27":4,"28":2,"29":2,"30":24,"31":3,"32":3,"33":2,"34":1,"35":24,"36":10},"f":{"0":24},"b":{"0":[6,18],"1":[2,4],"2":[2,22],"3":[2,0],"4":[2,2],"5":[2,22],"6":[1,1],"7":[2,2],"8":[5,19],"9":[2,3],"10":[5,3],"11":[3,21],"12":[2,1],"13":[3,2],"14":[4,20],"15":[2,2],"16":[3,21],"17":[2,1]},"_coverageSchema":"1a1c01bbd47fc00a2c39e90264f33305004495a9","hash":"9d5c2aeddb0ec651311555a0590f3f841486997f"}
}
