TN:
SF:src\app.js
FN:28,createApp
FN:42,(anonymous_1)
FN:50,(anonymous_2)
FN:65,(anonymous_3)
FN:79,(anonymous_4)
FN:90,(anonymous_5)
FN:106,(anonymous_6)
FN:108,(anonymous_7)
FN:124,(anonymous_8)
FN:126,(anonymous_9)
FN:133,(anonymous_10)
FN:137,(anonymous_11)
FN:142,(anonymous_12)
FN:151,(anonymous_13)
FN:160,(anonymous_14)
FNF:15
FNH:14
FNDA:19,createApp
FNDA:10,(anonymous_1)
FNDA:3,(anonymous_2)
FNDA:12,(anonymous_3)
FNDA:3,(anonymous_4)
FNDA:17,(anonymous_5)
FNDA:1,(anonymous_6)
FNDA:1,(anonymous_7)
FNDA:2,(anonymous_8)
FNDA:2,(anonymous_9)
FNDA:3,(anonymous_10)
FNDA:0,(anonymous_11)
FNDA:4,(anonymous_12)
FNDA:18,(anonymous_13)
FNDA:7,(anonymous_14)
DA:3,8
DA:4,8
DA:5,8
DA:7,8
DA:8,8
DA:9,8
DA:10,8
DA:11,8
DA:12,8
DA:18,8
DA:19,8
DA:20,8
DA:21,8
DA:23,8
DA:24,8
DA:25,8
DA:26,8
DA:29,19
DA:30,19
DA:33,19
DA:34,19
DA:35,19
DA:36,19
DA:37,19
DA:42,19
DA:43,10
DA:50,19
DA:51,3
DA:65,19
DA:66,12
DA:67,12
DA:68,3
DA:77,9
DA:78,8
DA:79,8
DA:81,8
DA:84,19
DA:91,17
DA:92,17
DA:101,17
DA:102,17
DA:106,19
DA:107,1
DA:108,1
DA:109,1
DA:110,0
DA:117,1
DA:118,1
DA:124,19
DA:125,2
DA:126,2
DA:127,2
DA:133,19
DA:134,3
DA:137,19
DA:138,0
DA:142,19
DA:143,4
DA:151,19
DA:152,18
DA:153,17
DA:156,19
DA:157,19
DA:160,19
DA:162,19
DA:165,8
DA:166,8
DA:167,8
LF:68
LH:66
BRDA:67,0,0,3
BRDA:67,0,1,9
BRDA:79,1,0,0
BRDA:79,1,1,8
BRDA:95,2,0,17
BRDA:95,2,1,1
BRDA:109,3,0,0
BRDA:109,3,1,1
BRDA:152,4,0,1
BRDA:152,4,1,17
BRF:10
BRH:8
end_of_record
TN:
SF:src\index.js
FNF:0
FNH:0
DA:7,4
DA:8,4
DA:10,4
DA:20,4
DA:30,4
LF:5
LH:5
BRDA:10,0,0,4
BRDA:10,0,1,4
BRDA:20,1,0,0
BRDA:20,1,1,4
BRF:4
BRH:3
end_of_record
TN:
SF:src\config\cors.js
FN:21,parseAllowedOrigins
FN:27,(anonymous_1)
FN:36,getAllowedOriginsFromEnv
FN:48,createCorsRejectionError
FN:58,isCorsOriginRejectedError
FN:65,createCorsOptions
FN:69,(anonymous_6)
FN:89,(anonymous_7)
FN:93,(anonymous_8)
FNF:9
FNH:8
FNDA:27,parseAllowedOrigins
FNDA:11,(anonymous_1)
FNDA:24,getAllowedOriginsFromEnv
FNDA:3,createCorsRejectionError
FNDA:22,isCorsOriginRejectedError
FNDA:21,createCorsOptions
FNDA:68,(anonymous_6)
FNDA:1,(anonymous_7)
FNDA:0,(anonymous_8)
DA:7,9
DA:15,9
DA:22,27
DA:23,5
DA:27,11
DA:37,24
DA:38,24
DA:40,21
DA:42,20
DA:49,3
DA:50,3
DA:51,3
DA:52,3
DA:59,22
DA:66,21
DA:68,21
DA:70,68
DA:71,66
DA:74,2
DA:75,0
DA:78,2
DA:84,9
DA:89,1
DA:93,0
LF:24
LH:22
BRDA:22,0,0,22
BRDA:22,0,1,5
BRDA:22,1,0,27
BRDA:22,1,1,5
BRDA:36,2,0,0
BRDA:38,3,0,3
BRDA:38,3,1,21
BRDA:40,4,0,1
BRDA:40,4,1,20
BRDA:59,5,0,22
BRDA:59,5,1,22
BRDA:65,6,0,19
BRDA:70,7,0,66
BRDA:70,7,1,2
BRDA:74,8,0,0
BRDA:74,8,1,2
BRDA:74,9,0,2
BRDA:74,9,1,1
BRF:18
BRH:16
end_of_record
TN:
SF:src\errors\AppError.js
FN:14,(anonymous_0)
FNF:1
FNH:1
FNDA:14,(anonymous_0)
DA:15,14
DA:16,14
DA:17,14
DA:18,14
DA:19,14
DA:20,14
DA:21,14
DA:24,14
DA:28,13
LF:9
LH:9
BRDA:17,0,0,14
BRDA:17,0,1,2
BRDA:19,1,0,14
BRDA:19,1,1,2
BRF:4
BRH:4
end_of_record
TN:
SF:src\middleware\auth.js
FN:19,(anonymous_0)
FN:35,(anonymous_1)
FNF:2
FNH:2
FNDA:28,(anonymous_0)
FNDA:24,(anonymous_1)
DA:7,8
DA:19,8
DA:20,28
DA:22,28
DA:23,2
DA:26,26
DA:28,26
DA:29,2
DA:32,24
DA:33,24
DA:35,24
DA:36,24
DA:37,2
DA:38,1
DA:40,1
DA:44,22
DA:45,22
DA:49,8
LF:18
LH:18
BRDA:22,0,0,2
BRDA:22,0,1,26
BRDA:28,1,0,2
BRDA:28,1,1,24
BRDA:28,2,0,26
BRDA:28,2,1,25
BRDA:33,3,0,24
BRDA:33,3,1,24
BRDA:36,4,0,2
BRDA:36,4,1,22
BRDA:37,5,0,1
BRDA:37,5,1,1
BRF:12
BRH:12
end_of_record
TN:
SF:src\middleware\bodySizeLimits.js
FN:50,parseSize
FN:75,sendPayloadTooLarge
FN:97,jsonBodyLimit
FN:111,jsonSizeGuard
FN:130,urlencodedBodyLimit
FN:144,urlencodedSizeGuard
FN:169,payloadTooLargeHandler
FN:192,invoiceBodyLimit
FNF:8
FNH:7
FNDA:82,parseSize
FNDA:0,sendPayloadTooLarge
FNDA:39,jsonBodyLimit
FNDA:86,jsonSizeGuard
FNDA:19,urlencodedBodyLimit
FNDA:61,urlencodedSizeGuard
FNDA:17,payloadTooLargeHandler
FNDA:19,invoiceBodyLimit
DA:13,8
DA:25,8
DA:51,82
DA:52,6
DA:55,76
DA:56,76
DA:57,3
DA:60,73
DA:61,73
DA:63,73
DA:64,73
DA:76,0
DA:98,39
DA:99,39
DA:101,39
DA:112,86
DA:113,86
DA:114,0
DA:116,86
DA:131,19
DA:132,19
DA:134,19
DA:145,61
DA:146,61
DA:147,0
DA:149,61
DA:170,17
DA:171,3
DA:177,14
DA:193,19
DA:196,8
LF:31
LH:28
BRDA:26,0,0,8
BRDA:26,0,1,8
BRDA:27,1,0,8
BRDA:27,1,1,8
BRDA:28,2,0,8
BRDA:28,2,1,8
BRDA:29,3,0,8
BRDA:29,3,1,8
BRDA:51,4,0,6
BRDA:51,4,1,76
BRDA:51,5,0,82
BRDA:51,5,1,78
BRDA:56,6,0,3
BRDA:56,6,1,73
BRDA:61,7,0,73
BRDA:61,7,1,1
BRDA:98,8,0,39
BRDA:98,8,1,19
BRDA:112,9,0,86
BRDA:112,9,1,36
BRDA:113,10,0,0
BRDA:113,10,1,86
BRDA:113,11,0,86
BRDA:113,11,1,86
BRDA:131,12,0,19
BRDA:131,12,1,19
BRDA:145,13,0,61
BRDA:145,13,1,36
BRDA:146,14,0,0
BRDA:146,14,1,61
BRDA:146,15,0,61
BRDA:146,15,1,61
BRDA:170,16,0,3
BRDA:170,16,1,14
BRDA:193,17,0,19
BRDA:193,17,1,19
BRF:36
BRH:34
end_of_record
TN:
SF:src\middleware\deprecation.js
FN:9,(anonymous_0)
FN:10,(anonymous_1)
FNF:2
FNH:2
FNDA:1,(anonymous_0)
FNDA:3,(anonymous_1)
DA:9,1
DA:10,1
DA:12,3
DA:14,3
DA:15,3
DA:17,3
DA:18,3
DA:22,3
DA:24,3
DA:27,3
DA:31,1
LF:11
LH:11
BRDA:9,0,0,0
BRDA:14,1,0,3
BRDA:14,1,1,0
BRDA:17,2,0,3
BRDA:17,2,1,0
BRDA:22,3,0,3
BRDA:22,3,1,0
BRF:7
BRH:3
end_of_record
TN:
SF:src\middleware\errorHandler.js
FN:10,errorHandler
FNF:1
FNH:1
FNDA:20,errorHandler
DA:3,11
DA:4,11
DA:17,20
DA:21,20
DA:22,10
DA:32,10
DA:33,8
DA:36,10
DA:50,20
DA:51,20
DA:57,20
DA:64,20
DA:66,20
DA:69,11
LF:14
LH:14
BRDA:17,0,0,20
BRDA:17,0,1,8
BRDA:17,0,2,8
BRDA:21,1,0,10
BRDA:21,1,1,10
BRDA:27,2,0,10
BRDA:27,2,1,8
BRDA:32,3,0,8
BRDA:32,3,1,2
BRDA:38,4,0,8
BRDA:38,4,1,2
BRDA:38,5,0,2
BRDA:38,5,1,0
BRDA:40,6,0,2
BRDA:40,6,1,8
BRDA:40,7,0,10
BRDA:40,7,1,8
BRDA:42,8,0,6
BRDA:42,8,1,2
BRDA:42,9,0,2
BRDA:42,9,1,0
BRDA:59,10,0,20
BRDA:59,10,1,20
BRDA:59,11,0,4
BRDA:59,11,1,16
BRDA:59,12,0,7
BRDA:59,12,1,9
BRDA:60,13,0,6
BRDA:60,13,1,14
BRDA:60,14,0,20
BRDA:60,14,1,18
BRDA:60,15,0,7
BRDA:60,15,1,7
BRF:33
BRH:31
end_of_record
TN:
SF:src\middleware\rateLimit.js
FN:25,(anonymous_0)
FN:48,(anonymous_1)
FNF:2
FNH:2
FNDA:61,(anonymous_0)
FNDA:26,(anonymous_1)
DA:6,8
DA:12,8
DA:27,61
DA:35,8
DA:49,26
DA:53,8
LF:6
LH:6
BRDA:27,0,0,0
BRDA:27,0,1,61
BRDA:49,1,0,1
BRDA:49,1,1,25
BRF:4
BRH:3
end_of_record
TN:
SF:src\middleware\security.js
FN:37,createSecurityMiddleware
FNF:1
FNH:1
FNDA:19,createSecurityMiddleware
DA:22,8
DA:38,19
DA:137,8
LF:3
LH:3
BRF:0
BRH:0
end_of_record
TN:
SF:src\middleware\validate.js
FN:7,(anonymous_0)
FN:7,(anonymous_1)
FN:18,(anonymous_2)
FN:29,(anonymous_3)
FN:29,(anonymous_4)
FN:32,(anonymous_5)
FNF:6
FNH:6
FNDA:21,(anonymous_0)
FNDA:21,(anonymous_1)
FNDA:3,(anonymous_2)
FNDA:38,(anonymous_3)
FNDA:29,(anonymous_4)
FNDA:29,(anonymous_5)
DA:1,9
DA:2,9
DA:7,21
DA:8,21
DA:9,21
DA:10,18
DA:11,18
DA:13,3
DA:14,3
DA:18,3
DA:22,0
DA:29,38
DA:30,29
DA:32,29
DA:34,29
DA:35,4
DA:38,25
DA:39,25
DA:40,25
DA:53,29
DA:56,9
LF:21
LH:20
BRDA:7,0,0,2
BRDA:13,1,0,3
BRDA:13,1,1,0
BRDA:18,2,0,3
BRDA:18,2,1,0
BRDA:34,3,0,4
BRDA:34,3,1,25
BRDA:34,4,0,29
BRDA:34,4,1,29
BRDA:34,4,2,25
BRDA:34,4,3,25
BRF:11
BRH:9
end_of_record
TN:
SF:src\schemas\apiSchemas.js
FNF:0
FNH:0
DA:1,8
DA:3,8
DA:8,8
DA:14,8
DA:22,8
DA:28,8
DA:32,8
DA:36,8
DA:40,8
LF:9
LH:9
BRF:0
BRH:0
end_of_record
TN:
SF:src\services\invoice.service.js
FN:31,getInvoices
FNF:1
FNH:1
FNDA:5,getInvoices
DA:1,9
DA:2,9
DA:11,9
DA:32,5
DA:33,5
DA:36,5
DA:42,5
DA:44,1
DA:45,1
DA:49,9
LF:10
LH:10
BRF:0
BRH:0
end_of_record
TN:
SF:src\services\soroban.js
FN:40,sleep
FN:41,(anonymous_1)
FN:54,computeBackoff
FN:69,isRetryable
FN:100,withRetry
FN:128,callSorobanContract
FNF:6
FNH:6
FNDA:1,sleep
FNDA:1,(anonymous_1)
FNDA:1,computeBackoff
FNDA:8,isRetryable
FNDA:5,withRetry
FNDA:5,callSorobanContract
DA:21,9
DA:32,9
DA:41,1
DA:55,1
DA:56,1
DA:57,1
DA:58,1
DA:59,1
DA:70,8
DA:73,8
DA:76,8
DA:77,8
DA:80,8
DA:81,8
DA:82,7
DA:83,4
DA:85,4
DA:101,5
DA:102,5
DA:105,5
DA:106,6
DA:107,6
DA:109,2
DA:110,2
DA:112,1
DA:113,1
DA:117,0
DA:129,5
DA:132,9
LF:29
LH:28
BRDA:22,0,0,9
BRDA:22,0,1,9
BRDA:23,1,0,9
BRDA:23,1,1,9
BRDA:24,2,0,9
BRDA:24,2,1,9
BRDA:70,3,0,0
BRDA:70,3,1,8
BRDA:73,4,0,0
BRDA:73,4,1,8
BRDA:73,5,0,8
BRDA:73,5,1,8
BRDA:76,6,0,0
BRDA:76,6,1,8
BRDA:76,7,0,8
BRDA:76,7,1,0
BRDA:77,8,0,0
BRDA:77,8,1,8
BRDA:77,9,0,8
BRDA:77,9,1,0
BRDA:80,10,0,8
BRDA:80,10,1,0
BRDA:81,11,0,1
BRDA:81,11,1,7
BRDA:82,12,0,3
BRDA:82,12,1,4
BRDA:83,13,0,0
BRDA:83,13,1,4
BRDA:110,14,0,1
BRDA:110,14,1,1
BRDA:110,15,0,2
BRDA:110,15,1,2
BRF:32
BRH:24
end_of_record
TN:
SF:src\utils\asyncHandler.js
FN:8,(anonymous_0)
FN:9,(anonymous_1)
FNF:2
FNH:2
FNDA:43,(anonymous_0)
FNDA:19,(anonymous_1)
DA:8,10
DA:9,43
DA:10,19
DA:14,10
LF:4
LH:4
BRF:0
BRH:0
end_of_record
TN:
SF:src\utils\problemDetails.js
FN:5,formatProblemDetails
FNF:1
FNH:1
FNDA:23,formatProblemDetails
DA:14,23
DA:23,23
DA:24,19
DA:27,23
DA:30,12
LF:5
LH:5
BRDA:6,0,0,1
BRDA:7,1,0,1
BRDA:8,2,0,1
BRDA:12,3,0,21
BRDA:23,4,0,19
BRDA:23,4,1,4
BRDA:23,5,0,23
BRDA:23,5,1,20
BRF:8
BRH:8
end_of_record
TN:
SF:src\utils\queryBuilder.js
FN:22,applyQueryOptions
FN:27,(anonymous_1)
FNF:2
FNH:2
FNDA:16,applyQueryOptions
FNDA:11,(anonymous_1)
DA:23,16
DA:24,16
DA:27,16
DA:28,11
DA:29,11
DA:31,8
DA:32,7
DA:35,7
DA:36,1
DA:37,6
DA:38,1
DA:41,5
DA:47,16
DA:48,16
DA:49,5
DA:50,5
DA:51,5
DA:52,11
DA:54,10
DA:55,10
DA:56,10
DA:59,16
DA:62,10
LF:23
LH:23
BRDA:22,0,0,0
BRDA:22,1,0,0
BRDA:23,2,0,7
BRDA:23,3,0,7
BRDA:24,4,0,0
BRDA:24,5,0,0
BRDA:24,6,0,1
BRDA:29,7,0,3
BRDA:29,7,1,8
BRDA:29,8,0,11
BRDA:29,8,1,10
BRDA:29,8,2,9
BRDA:31,9,0,7
BRDA:31,9,1,1
BRDA:32,10,0,7
BRDA:32,10,1,4
BRDA:35,11,0,1
BRDA:35,11,1,6
BRDA:37,12,0,1
BRDA:37,12,1,5
BRDA:47,13,0,12
BRDA:48,14,0,5
BRDA:48,14,1,11
BRDA:48,15,0,16
BRDA:48,15,1,6
BRDA:49,16,0,5
BRDA:49,16,1,5
BRDA:50,17,0,4
BRDA:50,17,1,1
BRDA:52,18,0,10
BRDA:52,18,1,1
BRDA:55,19,0,10
BRDA:55,19,1,10
BRF:33
BRH:29
end_of_record
TN:
SF:src\utils\responseHelper.js
FN:8,(anonymous_0)
FN:25,(anonymous_1)
FNF:2
FNH:2
FNDA:43,(anonymous_0)
FNDA:2,(anonymous_1)
DA:3,8
DA:8,8
DA:9,43
DA:10,43
DA:25,8
DA:39,8
LF:6
LH:6
BRDA:8,0,0,32
BRDA:9,1,0,43
BRDA:9,1,1,33
BRDA:25,2,0,1
BRDA:25,3,0,1
BRF:5
BRH:5
end_of_record
TN:
SF:src\utils\retry.js
FN:27,withRetry
FN:37,(anonymous_1)
FN:63,(anonymous_2)
FNF:3
FNH:3
FNDA:6,withRetry
FNDA:15,(anonymous_1)
FNDA:15,(anonymous_2)
DA:29,6
DA:30,6
DA:31,6
DA:37,15
DA:38,6
DA:41,6
DA:42,6
DA:43,6
DA:45,6
DA:47,6
DA:48,21
DA:49,21
DA:51,19
DA:52,4
DA:56,15
DA:57,15
DA:60,15
DA:62,15
DA:63,15
DA:68,1
LF:20
LH:20
BRDA:27,0,0,1
BRDA:34,1,0,1
BRDA:35,2,0,1
BRDA:36,3,0,5
BRDA:37,4,0,5
BRDA:51,5,0,4
BRDA:51,5,1,15
BRDA:51,6,0,19
BRDA:51,6,1,16
BRF:9
BRH:9
end_of_record
TN:
SF:src\utils\validators.js
FN:13,validateInvoiceQueryParams
FNF:1
FNH:1
FNDA:24,validateInvoiceQueryParams
DA:14,24
DA:15,24
DA:28,24
DA:31,24
DA:32,6
DA:33,6
DA:34,2
DA:36,4
DA:41,24
DA:42,2
DA:43,2
DA:45,0
DA:50,24
DA:51,2
DA:52,1
DA:54,1
DA:59,24
DA:60,24
DA:61,5
DA:62,2
DA:64,3
DA:68,24
DA:69,3
DA:70,2
DA:72,1
DA:77,24
DA:78,4
DA:79,4
DA:80,2
DA:82,2
DA:87,24
DA:88,3
DA:89,3
DA:90,2
DA:92,1
DA:96,24
DA:103,9
LF:37
LH:36
BRDA:31,0,0,6
BRDA:31,0,1,18
BRDA:33,1,0,2
BRDA:33,1,1,4
BRDA:41,2,0,2
BRDA:41,2,1,22
BRDA:42,3,0,2
BRDA:42,3,1,0
BRDA:42,4,0,2
BRDA:42,4,1,2
BRDA:50,5,0,2
BRDA:50,5,1,22
BRDA:51,6,0,1
BRDA:51,6,1,1
BRDA:51,7,0,2
BRDA:51,7,1,2
BRDA:60,8,0,5
BRDA:60,8,1,19
BRDA:61,9,0,2
BRDA:61,9,1,3
BRDA:61,10,0,5
BRDA:61,10,1,3
BRDA:68,11,0,3
BRDA:68,11,1,21
BRDA:69,12,0,2
BRDA:69,12,1,1
BRDA:69,13,0,3
BRDA:69,13,1,2
BRDA:77,14,0,4
BRDA:77,14,1,20
BRDA:79,15,0,2
BRDA:79,15,1,2
BRDA:87,16,0,3
BRDA:87,16,1,21
BRDA:89,17,0,2
BRDA:89,17,1,1
BRF:36
BRH:35
end_of_record
