TN:
SF:src\app.js
FN:28,createApp
FN:42,(anonymous_1)
FN:50,(anonymous_2)
FN:65,(anonymous_3)
FN:79,(anonymous_4)
FN:90,(anonymous_5)
FN:106,(anonymous_6)
FN:108,(anonymous_7)
FN:127,(anonymous_8)
FN:137,(anonymous_9)
FN:141,(anonymous_10)
FN:146,(anonymous_11)
FN:155,(anonymous_12)
FN:164,(anonymous_13)
FNF:14
FNH:13
FNDA:22,createApp
FNDA:10,(anonymous_1)
FNDA:3,(anonymous_2)
FNDA:12,(anonymous_3)
FNDA:3,(anonymous_4)
FNDA:17,(anonymous_5)
FNDA:1,(anonymous_6)
FNDA:1,(anonymous_7)
FNDA:4,(anonymous_8)
FNDA:3,(anonymous_9)
FNDA:0,(anonymous_10)
FNDA:5,(anonymous_11)
FNDA:26,(anonymous_12)
FNDA:7,(anonymous_13)
DA:3,9
DA:4,9
DA:5,9
DA:7,9
DA:8,9
DA:9,9
DA:10,9
DA:11,9
DA:12,9
DA:18,9
DA:19,9
DA:20,9
DA:21,9
DA:22,9
DA:24,9
DA:25,9
DA:26,9
DA:29,22
DA:30,22
DA:33,22
DA:34,22
DA:35,22
DA:36,22
DA:37,22
DA:42,22
DA:43,10
DA:50,22
DA:51,3
DA:65,22
DA:66,12
DA:67,12
DA:68,3
DA:77,9
DA:78,8
DA:79,8
DA:81,8
DA:84,22
DA:91,17
DA:92,17
DA:101,17
DA:102,17
DA:106,22
DA:107,1
DA:108,1
DA:109,1
DA:110,0
DA:117,1
DA:118,1
DA:124,22
DA:128,4
DA:129,4
DA:130,4
DA:137,22
DA:138,3
DA:141,22
DA:142,0
DA:146,22
DA:147,5
DA:155,22
DA:156,26
DA:157,25
DA:160,22
DA:161,22
DA:164,22
DA:166,22
DA:169,9
DA:170,9
DA:171,9
LF:68
LH:66
BRDA:67,0,0,3
BRDA:67,0,1,9
BRDA:79,1,0,0
BRDA:79,1,1,8
BRDA:95,2,0,17
BRDA:95,2,1,1
BRDA:109,3,0,0
BRDA:109,3,1,1
BRDA:156,4,0,1
BRDA:156,4,1,25
BRF:10
BRH:8
end_of_record
TN:
SF:src\index.js
FNF:0
FNH:0
DA:7,3
DA:8,3
DA:10,3
DA:20,3
DA:30,3
LF:5
LH:5
BRDA:10,0,0,3
BRDA:10,0,1,3
BRDA:20,1,0,0
BRDA:20,1,1,3
BRF:4
BRH:3
end_of_record
TN:
SF:src\config\cors.js
FN:21,parseAllowedOrigins
FN:27,(anonymous_1)
FN:36,getAllowedOriginsFromEnv
FN:48,createCorsRejectionError
FN:58,isCorsOriginRejectedError
FN:65,createCorsOptions
FN:69,(anonymous_6)
FN:89,(anonymous_7)
FN:93,(anonymous_8)
FNF:9
FNH:8
FNDA:30,parseAllowedOrigins
FNDA:11,(anonymous_1)
FNDA:27,getAllowedOriginsFromEnv
FNDA:3,createCorsRejectionError
FNDA:30,isCorsOriginRejectedError
FNDA:24,createCorsOptions
FNDA:72,(anonymous_6)
FNDA:1,(anonymous_7)
FNDA:0,(anonymous_8)
DA:7,10
DA:15,10
DA:22,30
DA:23,5
DA:27,11
DA:37,27
DA:38,27
DA:40,24
DA:42,23
DA:49,3
DA:50,3
DA:51,3
DA:52,3
DA:59,30
DA:66,24
DA:68,24
DA:70,72
DA:71,70
DA:74,2
DA:75,0
DA:78,2
DA:84,10
DA:89,1
DA:93,0
LF:24
LH:22
BRDA:22,0,0,25
BRDA:22,0,1,5
BRDA:22,1,0,30
BRDA:22,1,1,5
BRDA:36,2,0,0
BRDA:38,3,0,3
BRDA:38,3,1,24
BRDA:40,4,0,1
BRDA:40,4,1,23
BRDA:59,5,0,30
BRDA:59,5,1,30
BRDA:65,6,0,22
BRDA:70,7,0,70
BRDA:70,7,1,2
BRDA:74,8,0,0
BRDA:74,8,1,2
BRDA:74,9,0,2
BRDA:74,9,1,1
BRF:18
BRH:16
end_of_record
TN:
SF:src\errors\AppError.js
FN:14,(anonymous_0)
FNF:1
FNH:1
FNDA:22,(anonymous_0)
DA:15,22
DA:16,22
DA:17,22
DA:18,22
DA:19,22
DA:20,22
DA:21,22
DA:24,22
DA:28,14
LF:9
LH:9
BRDA:17,0,0,22
BRDA:17,0,1,2
BRDA:19,1,0,22
BRDA:19,1,1,2
BRF:4
BRH:4
end_of_record
TN:
SF:src\middleware\auth.js
FN:22,(anonymous_0)
FN:48,(anonymous_1)
FNF:2
FNH:2
FNDA:31,(anonymous_0)
FNDA:26,(anonymous_1)
DA:9,9
DA:10,9
DA:22,9
DA:23,31
DA:25,31
DA:26,3
DA:34,28
DA:36,28
DA:37,2
DA:45,26
DA:46,26
DA:48,26
DA:49,26
DA:50,2
DA:51,1
DA:58,1
DA:66,24
DA:67,24
DA:71,9
LF:19
LH:19
BRDA:25,0,0,3
BRDA:25,0,1,28
BRDA:36,1,0,2
BRDA:36,1,1,26
BRDA:36,2,0,28
BRDA:36,2,1,27
BRDA:46,3,0,26
BRDA:46,3,1,26
BRDA:49,4,0,2
BRDA:49,4,1,24
BRDA:50,5,0,1
BRDA:50,5,1,1
BRF:12
BRH:12
end_of_record
TN:
SF:src\middleware\bodySizeLimits.js
FN:50,parseSize
FN:75,sendPayloadTooLarge
FN:97,jsonBodyLimit
FN:111,jsonSizeGuard
FN:130,urlencodedBodyLimit
FN:144,urlencodedSizeGuard
FN:169,payloadTooLargeHandler
FN:192,invoiceBodyLimit
FNF:8
FNH:7
FNDA:91,parseSize
FNDA:0,sendPayloadTooLarge
FNDA:45,jsonBodyLimit
FNDA:90,jsonSizeGuard
FNDA:22,urlencodedBodyLimit
FNDA:65,urlencodedSizeGuard
FNDA:25,payloadTooLargeHandler
FNDA:22,invoiceBodyLimit
DA:13,9
DA:25,9
DA:51,91
DA:52,6
DA:55,85
DA:56,85
DA:57,3
DA:60,82
DA:61,82
DA:63,82
DA:64,82
DA:76,0
DA:98,45
DA:99,45
DA:101,45
DA:112,90
DA:113,90
DA:114,0
DA:116,90
DA:131,22
DA:132,22
DA:134,22
DA:145,65
DA:146,65
DA:147,0
DA:149,65
DA:170,25
DA:171,3
DA:177,22
DA:193,22
DA:196,9
LF:31
LH:28
BRDA:26,0,0,9
BRDA:26,0,1,9
BRDA:27,1,0,9
BRDA:27,1,1,9
BRDA:28,2,0,9
BRDA:28,2,1,9
BRDA:29,3,0,9
BRDA:29,3,1,9
BRDA:51,4,0,6
BRDA:51,4,1,85
BRDA:51,5,0,91
BRDA:51,5,1,87
BRDA:56,6,0,3
BRDA:56,6,1,82
BRDA:61,7,0,82
BRDA:61,7,1,1
BRDA:98,8,0,45
BRDA:98,8,1,22
BRDA:112,9,0,90
BRDA:112,9,1,40
BRDA:113,10,0,0
BRDA:113,10,1,90
BRDA:113,11,0,90
BRDA:113,11,1,90
BRDA:131,12,0,22
BRDA:131,12,1,22
BRDA:145,13,0,65
BRDA:145,13,1,40
BRDA:146,14,0,0
BRDA:146,14,1,65
BRDA:146,15,0,65
BRDA:146,15,1,65
BRDA:170,16,0,3
BRDA:170,16,1,22
BRDA:193,17,0,22
BRDA:193,17,1,22
BRF:36
BRH:34
end_of_record
TN:
SF:src\middleware\deprecation.js
FN:9,(anonymous_0)
FN:10,(anonymous_1)
FNF:2
FNH:2
FNDA:1,(anonymous_0)
FNDA:3,(anonymous_1)
DA:9,1
DA:10,1
DA:12,3
DA:14,3
DA:15,3
DA:17,3
DA:18,3
DA:22,3
DA:24,3
DA:27,3
DA:31,1
LF:11
LH:11
BRDA:9,0,0,0
BRDA:14,1,0,3
BRDA:14,1,1,0
BRDA:17,2,0,3
BRDA:17,2,1,0
BRDA:22,3,0,3
BRDA:22,3,1,0
BRF:7
BRH:3
end_of_record
TN:
SF:src\middleware\errorHandler.js
FN:10,errorHandler
FNF:1
FNH:1
FNDA:28,errorHandler
DA:3,12
DA:4,12
DA:17,28
DA:21,28
DA:22,18
DA:32,10
DA:33,8
DA:36,10
DA:50,28
DA:51,28
DA:57,28
DA:64,28
DA:66,28
DA:69,12
LF:14
LH:14
BRDA:17,0,0,28
BRDA:17,0,1,8
BRDA:17,0,2,8
BRDA:21,1,0,18
BRDA:21,1,1,10
BRDA:27,2,0,18
BRDA:27,2,1,16
BRDA:32,3,0,8
BRDA:32,3,1,2
BRDA:38,4,0,8
BRDA:38,4,1,2
BRDA:38,5,0,2
BRDA:38,5,1,0
BRDA:40,6,0,2
BRDA:40,6,1,8
BRDA:40,7,0,10
BRDA:40,7,1,8
BRDA:42,8,0,6
BRDA:42,8,1,2
BRDA:42,9,0,2
BRDA:42,9,1,0
BRDA:59,10,0,28
BRDA:59,10,1,28
BRDA:59,11,0,5
BRDA:59,11,1,23
BRDA:59,12,0,7
BRDA:59,12,1,16
BRDA:59,13,0,7
BRDA:59,13,1,9
BRDA:60,14,0,6
BRDA:60,14,1,22
BRDA:60,15,0,28
BRDA:60,15,1,26
BRDA:60,16,0,14
BRDA:60,16,1,8
BRDA:60,17,0,22
BRDA:60,17,1,15
BRF:37
BRH:35
end_of_record
TN:
SF:src\middleware\rateLimit.js
FN:25,(anonymous_0)
FN:48,(anonymous_1)
FNF:2
FNH:2
FNDA:65,(anonymous_0)
FNDA:26,(anonymous_1)
DA:6,9
DA:12,9
DA:27,65
DA:35,9
DA:49,26
DA:53,9
LF:6
LH:6
BRDA:27,0,0,0
BRDA:27,0,1,65
BRDA:49,1,0,1
BRDA:49,1,1,25
BRF:4
BRH:3
end_of_record
TN:
SF:src\middleware\security.js
FN:37,createSecurityMiddleware
FNF:1
FNH:1
FNDA:22,createSecurityMiddleware
DA:22,9
DA:38,22
DA:137,9
LF:3
LH:3
BRF:0
BRH:0
end_of_record
TN:
SF:src\middleware\validate.js
FN:7,(anonymous_0)
FN:7,(anonymous_1)
FN:18,(anonymous_2)
FN:29,(anonymous_3)
FN:29,(anonymous_4)
FN:32,(anonymous_5)
FNF:6
FNH:6
FNDA:24,(anonymous_0)
FNDA:21,(anonymous_1)
FNDA:3,(anonymous_2)
FNDA:66,(anonymous_3)
FNDA:33,(anonymous_4)
FNDA:33,(anonymous_5)
DA:1,10
DA:2,10
DA:7,24
DA:8,21
DA:9,21
DA:10,18
DA:11,18
DA:13,3
DA:14,3
DA:18,3
DA:22,0
DA:29,66
DA:30,33
DA:32,33
DA:34,33
DA:35,4
DA:38,29
DA:39,29
DA:40,29
DA:53,33
DA:56,10
LF:21
LH:20
BRDA:7,0,0,2
BRDA:13,1,0,3
BRDA:13,1,1,0
BRDA:18,2,0,3
BRDA:18,2,1,0
BRDA:34,3,0,4
BRDA:34,3,1,29
BRDA:34,4,0,33
BRDA:34,4,1,33
BRDA:34,4,2,29
BRDA:34,4,3,29
BRF:11
BRH:9
end_of_record
TN:
SF:src\schemas\apiSchemas.js
FNF:0
FNH:0
DA:1,9
DA:3,9
DA:8,9
DA:14,9
DA:22,9
DA:34,9
DA:40,9
DA:44,9
DA:48,9
DA:52,9
DA:56,9
LF:11
LH:11
BRF:0
BRH:0
end_of_record
TN:
SF:src\services\escrow.service.js
FN:33,getEscrowStatus
FN:34,(anonymous_1)
FN:39,(anonymous_2)
FN:65,fundEscrow
FN:66,(anonymous_4)
FNF:5
FNH:5
FNDA:7,getEscrowStatus
FNDA:7,(anonymous_1)
FNDA:7,(anonymous_2)
FNDA:1,fundEscrow
FNDA:1,(anonymous_4)
DA:12,10
DA:17,10
DA:34,7
DA:39,7
DA:42,7
DA:43,7
DA:45,7
DA:66,1
DA:68,1
DA:78,10
LF:10
LH:10
BRDA:20,0,0,10
BRDA:20,0,1,10
BRDA:42,1,0,7
BRDA:42,1,1,3
BRDA:47,2,0,5
BRDA:47,2,1,2
BRDA:48,3,0,5
BRDA:48,3,1,2
BRF:8
BRH:8
end_of_record
TN:
SF:src\services\invoice.service.js
FN:31,getInvoices
FNF:1
FNH:1
FNDA:5,getInvoices
DA:1,10
DA:2,10
DA:11,10
DA:32,5
DA:33,5
DA:36,5
DA:42,5
DA:44,1
DA:45,1
DA:49,10
LF:10
LH:10
BRF:0
BRH:0
end_of_record
TN:
SF:src\services\soroban.js
FN:40,sleep
FN:41,(anonymous_1)
FN:54,computeBackoff
FN:69,isRetryable
FN:100,withRetry
FN:128,callSorobanContract
FNF:6
FNH:6
FNDA:1,sleep
FNDA:1,(anonymous_1)
FNDA:1,computeBackoff
FNDA:8,isRetryable
FNDA:7,withRetry
FNDA:7,callSorobanContract
DA:21,10
DA:32,10
DA:41,1
DA:55,1
DA:56,1
DA:57,1
DA:58,1
DA:59,1
DA:70,8
DA:73,8
DA:76,8
DA:77,8
DA:80,8
DA:81,8
DA:82,7
DA:83,4
DA:85,4
DA:101,7
DA:102,7
DA:105,7
DA:106,8
DA:107,8
DA:109,2
DA:110,2
DA:112,1
DA:113,1
DA:117,0
DA:129,7
DA:132,10
LF:29
LH:28
BRDA:22,0,0,10
BRDA:22,0,1,10
BRDA:23,1,0,10
BRDA:23,1,1,10
BRDA:24,2,0,10
BRDA:24,2,1,10
BRDA:70,3,0,0
BRDA:70,3,1,8
BRDA:73,4,0,0
BRDA:73,4,1,8
BRDA:73,5,0,8
BRDA:73,5,1,8
BRDA:76,6,0,0
BRDA:76,6,1,8
BRDA:76,7,0,8
BRDA:76,7,1,0
BRDA:77,8,0,0
BRDA:77,8,1,8
BRDA:77,9,0,8
BRDA:77,9,1,0
BRDA:80,10,0,8
BRDA:80,10,1,0
BRDA:81,11,0,1
BRDA:81,11,1,7
BRDA:82,12,0,3
BRDA:82,12,1,4
BRDA:83,13,0,0
BRDA:83,13,1,4
BRDA:110,14,0,1
BRDA:110,14,1,1
BRDA:110,15,0,2
BRDA:110,15,1,2
BRF:32
BRH:24
end_of_record
TN:
SF:src\utils\asyncHandler.js
FN:8,(anonymous_0)
FN:9,(anonymous_1)
FNF:2
FNH:2
FNDA:49,(anonymous_0)
FNDA:21,(anonymous_1)
DA:8,11
DA:9,49
DA:10,21
DA:14,11
LF:4
LH:4
BRF:0
BRH:0
end_of_record
TN:
SF:src\utils\problemDetails.js
FN:5,formatProblemDetails
FNF:1
FNH:1
FNDA:31,formatProblemDetails
DA:14,31
DA:23,31
DA:24,27
DA:27,31
DA:30,13
LF:5
LH:5
BRDA:6,0,0,1
BRDA:7,1,0,1
BRDA:8,2,0,1
BRDA:12,3,0,29
BRDA:23,4,0,27
BRDA:23,4,1,4
BRDA:23,5,0,31
BRDA:23,5,1,28
BRF:8
BRH:8
end_of_record
TN:
SF:src\utils\queryBuilder.js
FN:22,applyQueryOptions
FN:27,(anonymous_1)
FNF:2
FNH:2
FNDA:16,applyQueryOptions
FNDA:11,(anonymous_1)
DA:23,16
DA:24,16
DA:27,16
DA:28,11
DA:29,11
DA:31,8
DA:32,7
DA:35,7
DA:36,1
DA:37,6
DA:38,1
DA:41,5
DA:47,16
DA:48,16
DA:49,5
DA:50,5
DA:51,5
DA:52,11
DA:54,10
DA:55,10
DA:56,10
DA:59,16
DA:62,11
LF:23
LH:23
BRDA:22,0,0,0
BRDA:22,1,0,0
BRDA:23,2,0,7
BRDA:23,3,0,7
BRDA:24,4,0,0
BRDA:24,5,0,0
BRDA:24,6,0,1
BRDA:29,7,0,3
BRDA:29,7,1,8
BRDA:29,8,0,11
BRDA:29,8,1,10
BRDA:29,8,2,9
BRDA:31,9,0,7
BRDA:31,9,1,1
BRDA:32,10,0,7
BRDA:32,10,1,4
BRDA:35,11,0,1
BRDA:35,11,1,6
BRDA:37,12,0,1
BRDA:37,12,1,5
BRDA:47,13,0,12
BRDA:48,14,0,5
BRDA:48,14,1,11
BRDA:48,15,0,16
BRDA:48,15,1,6
BRDA:49,16,0,5
BRDA:49,16,1,5
BRDA:50,17,0,4
BRDA:50,17,1,1
BRDA:52,18,0,10
BRDA:52,18,1,1
BRDA:55,19,0,10
BRDA:55,19,1,10
BRF:33
BRH:29
end_of_record
TN:
SF:src\utils\responseHelper.js
FN:8,(anonymous_0)
FN:25,(anonymous_1)
FNF:2
FNH:2
FNDA:45,(anonymous_0)
FNDA:2,(anonymous_1)
DA:3,9
DA:8,9
DA:9,45
DA:10,45
DA:25,9
DA:39,9
LF:6
LH:6
BRDA:8,0,0,32
BRDA:9,1,0,45
BRDA:9,1,1,33
BRDA:25,2,0,1
BRDA:25,3,0,1
BRF:5
BRH:5
end_of_record
TN:
SF:src\utils\retry.js
FN:27,withRetry
FN:37,(anonymous_1)
FN:63,(anonymous_2)
FNF:3
FNH:3
FNDA:6,withRetry
FNDA:15,(anonymous_1)
FNDA:15,(anonymous_2)
DA:29,6
DA:30,6
DA:31,6
DA:37,15
DA:38,6
DA:41,6
DA:42,6
DA:43,6
DA:45,6
DA:47,6
DA:48,21
DA:49,21
DA:51,19
DA:52,4
DA:56,15
DA:57,15
DA:60,15
DA:62,15
DA:63,15
DA:68,1
LF:20
LH:20
BRDA:27,0,0,1
BRDA:34,1,0,1
BRDA:35,2,0,1
BRDA:36,3,0,5
BRDA:37,4,0,5
BRDA:51,5,0,4
BRDA:51,5,1,15
BRDA:51,6,0,19
BRDA:51,6,1,16
BRF:9
BRH:9
end_of_record
TN:
SF:src\utils\validators.js
FN:13,validateInvoiceQueryParams
FNF:1
FNH:1
FNDA:24,validateInvoiceQueryParams
DA:14,24
DA:15,24
DA:28,24
DA:31,24
DA:32,6
DA:33,6
DA:34,2
DA:36,4
DA:41,24
DA:42,2
DA:43,2
DA:45,0
DA:50,24
DA:51,2
DA:52,1
DA:54,1
DA:59,24
DA:60,24
DA:61,5
DA:62,2
DA:64,3
DA:68,24
DA:69,3
DA:70,2
DA:72,1
DA:77,24
DA:78,4
DA:79,4
DA:80,2
DA:82,2
DA:87,24
DA:88,3
DA:89,3
DA:90,2
DA:92,1
DA:96,24
DA:103,10
LF:37
LH:36
BRDA:31,0,0,6
BRDA:31,0,1,18
BRDA:33,1,0,2
BRDA:33,1,1,4
BRDA:41,2,0,2
BRDA:41,2,1,22
BRDA:42,3,0,2
BRDA:42,3,1,0
BRDA:42,4,0,2
BRDA:42,4,1,2
BRDA:50,5,0,2
BRDA:50,5,1,22
BRDA:51,6,0,1
BRDA:51,6,1,1
BRDA:51,7,0,2
BRDA:51,7,1,2
BRDA:60,8,0,5
BRDA:60,8,1,19
BRDA:61,9,0,2
BRDA:61,9,1,3
BRDA:61,10,0,5
BRDA:61,10,1,3
BRDA:68,11,0,3
BRDA:68,11,1,21
BRDA:69,12,0,2
BRDA:69,12,1,1
BRDA:69,13,0,3
BRDA:69,13,1,2
BRDA:77,14,0,4
BRDA:77,14,1,20
BRDA:79,15,0,2
BRDA:79,15,1,2
BRDA:87,16,0,3
BRDA:87,16,1,21
BRDA:89,17,0,2
BRDA:89,17,1,1
BRF:36
BRH:35
end_of_record
